[2026-03-13T04:06:41.435+0000] {taskinstance.py:1956} INFO - Dependencies all met for dep_context=non-requeueable deps ti=<TaskInstance: aqi_data_pipeline.run_aqi_etl manual__2026-03-13T04:06:40.170535+00:00 [queued]>
[2026-03-13T04:06:41.442+0000] {taskinstance.py:1956} INFO - Dependencies all met for dep_context=requeueable deps ti=<TaskInstance: aqi_data_pipeline.run_aqi_etl manual__2026-03-13T04:06:40.170535+00:00 [queued]>
[2026-03-13T04:06:41.443+0000] {taskinstance.py:2170} INFO - Starting attempt 1 of 3
[2026-03-13T04:06:41.457+0000] {taskinstance.py:2191} INFO - Executing <Task(PythonOperator): run_aqi_etl> on 2026-03-13 04:06:40.170535+00:00
[2026-03-13T04:06:41.462+0000] {standard_task_runner.py:60} INFO - Started process 854 to run task
[2026-03-13T04:06:41.466+0000] {standard_task_runner.py:87} INFO - Running: ['***', 'tasks', 'run', 'aqi_data_pipeline', 'run_aqi_etl', 'manual__2026-03-13T04:06:40.170535+00:00', '--job-id', '39', '--raw', '--subdir', 'DAGS_FOLDER/aqi_pipeline.py', '--cfg-path', '/tmp/tmpr9np2stp']
[2026-03-13T04:06:41.469+0000] {standard_task_runner.py:88} INFO - Job 39: Subtask run_aqi_etl
[2026-03-13T04:06:41.532+0000] {task_command.py:423} INFO - Running <TaskInstance: aqi_data_pipeline.run_aqi_etl manual__2026-03-13T04:06:40.170535+00:00 [running]> on host 97750d40b4d7
[2026-03-13T04:06:41.608+0000] {taskinstance.py:2480} INFO - Exporting env vars: AIRFLOW_CTX_DAG_OWNER='***' AIRFLOW_CTX_DAG_ID='aqi_data_pipeline' AIRFLOW_CTX_TASK_ID='run_aqi_etl' AIRFLOW_CTX_EXECUTION_DATE='2026-03-13T04:06:40.170535+00:00' AIRFLOW_CTX_TRY_NUMBER='1' AIRFLOW_CTX_DAG_RUN_ID='manual__2026-03-13T04:06:40.170535+00:00'
[2026-03-13T04:06:41.609+0000] {logging_mixin.py:188} INFO - Starting AQI ETL pipeline...
[2026-03-13T04:06:41.609+0000] {logging_mixin.py:188} INFO - Connecting to PostgreSQL...
[2026-03-13T04:06:41.613+0000] {logging_mixin.py:188} INFO - Connected to PostgreSQL
[2026-03-13T04:06:41.614+0000] {logging_mixin.py:188} INFO - Fetching AQI data for Hanoi...
[2026-03-13T04:06:42.019+0000] {logging_mixin.py:188} INFO - Inserted AQI data for Hanoi
[2026-03-13T04:06:42.019+0000] {logging_mixin.py:188} INFO - Fetching AQI data for Hue...
[2026-03-13T04:06:42.192+0000] {logging_mixin.py:188} INFO - API error for Hue: {"status":"fail","data":{"message":"city_not_found"}}
[2026-03-13T04:06:42.193+0000] {logging_mixin.py:188} INFO - Skipping Hue due to API error
[2026-03-13T04:06:42.194+0000] {logging_mixin.py:188} INFO - AQI ETL pipeline finished
[2026-03-13T04:06:42.194+0000] {python.py:201} INFO - Done. Returned value was: None
[2026-03-13T04:06:42.203+0000] {taskinstance.py:1138} INFO - Marking task as SUCCESS. dag_id=aqi_data_pipeline, task_id=run_aqi_etl, execution_date=20260313T040640, start_date=20260313T040641, end_date=20260313T040642
[2026-03-13T04:06:42.242+0000] {local_task_job_runner.py:234} INFO - Task exited with return code 0
[2026-03-13T04:06:42.257+0000] {taskinstance.py:3280} INFO - 0 downstream tasks scheduled from follow-on schedule check
