[2026-03-13T03:47:40.805+0000] {taskinstance.py:1956} INFO - Dependencies all met for dep_context=non-requeueable deps ti=<TaskInstance: aqi_data_pipeline.run_aqi_etl manual__2026-03-13T03:47:39.800869+00:00 [queued]>
[2026-03-13T03:47:40.812+0000] {taskinstance.py:1956} INFO - Dependencies all met for dep_context=requeueable deps ti=<TaskInstance: aqi_data_pipeline.run_aqi_etl manual__2026-03-13T03:47:39.800869+00:00 [queued]>
[2026-03-13T03:47:40.813+0000] {taskinstance.py:2170} INFO - Starting attempt 1 of 3
[2026-03-13T03:47:40.827+0000] {taskinstance.py:2191} INFO - Executing <Task(PythonOperator): run_aqi_etl> on 2026-03-13 03:47:39.800869+00:00
[2026-03-13T03:47:40.832+0000] {standard_task_runner.py:60} INFO - Started process 665 to run task
[2026-03-13T03:47:40.836+0000] {standard_task_runner.py:87} INFO - Running: ['***', 'tasks', 'run', 'aqi_data_pipeline', 'run_aqi_etl', 'manual__2026-03-13T03:47:39.800869+00:00', '--job-id', '37', '--raw', '--subdir', 'DAGS_FOLDER/aqi_pipeline.py', '--cfg-path', '/tmp/tmp8e2nymb2']
[2026-03-13T03:47:40.838+0000] {standard_task_runner.py:88} INFO - Job 37: Subtask run_aqi_etl
[2026-03-13T03:47:40.891+0000] {task_command.py:423} INFO - Running <TaskInstance: aqi_data_pipeline.run_aqi_etl manual__2026-03-13T03:47:39.800869+00:00 [running]> on host 97750d40b4d7
[2026-03-13T03:47:40.965+0000] {taskinstance.py:2480} INFO - Exporting env vars: AIRFLOW_CTX_DAG_OWNER='***' AIRFLOW_CTX_DAG_ID='aqi_data_pipeline' AIRFLOW_CTX_TASK_ID='run_aqi_etl' AIRFLOW_CTX_EXECUTION_DATE='2026-03-13T03:47:39.800869+00:00' AIRFLOW_CTX_TRY_NUMBER='1' AIRFLOW_CTX_DAG_RUN_ID='manual__2026-03-13T03:47:39.800869+00:00'
[2026-03-13T03:47:40.967+0000] {logging_mixin.py:188} INFO - Starting AQI ETL pipeline...
[2026-03-13T03:47:40.967+0000] {logging_mixin.py:188} INFO - Connecting to PostgreSQL...
[2026-03-13T03:47:40.970+0000] {logging_mixin.py:188} INFO - Connected to PostgreSQL
[2026-03-13T03:47:40.970+0000] {logging_mixin.py:188} INFO - Fetching AQI data for Hanoi...
[2026-03-13T03:47:41.185+0000] {logging_mixin.py:188} INFO - Inserted AQI data for Hanoi
[2026-03-13T03:47:41.185+0000] {logging_mixin.py:188} INFO - Fetching AQI data for Hue...
[2026-03-13T03:47:41.345+0000] {logging_mixin.py:188} INFO - API error for Hue: {"status":"fail","data":{"message":"city_not_found"}}
[2026-03-13T03:47:41.347+0000] {logging_mixin.py:188} INFO - Skipping Hue due to API error
[2026-03-13T03:47:41.348+0000] {logging_mixin.py:188} INFO - AQI ETL pipeline finished
[2026-03-13T03:47:41.348+0000] {python.py:201} INFO - Done. Returned value was: None
[2026-03-13T03:47:41.357+0000] {taskinstance.py:1138} INFO - Marking task as SUCCESS. dag_id=aqi_data_pipeline, task_id=run_aqi_etl, execution_date=20260313T034739, start_date=20260313T034740, end_date=20260313T034741
[2026-03-13T03:47:41.410+0000] {local_task_job_runner.py:234} INFO - Task exited with return code 0
[2026-03-13T03:47:41.424+0000] {taskinstance.py:3280} INFO - 0 downstream tasks scheduled from follow-on schedule check
