[2026-03-13T02:58:52.181+0000] {processor.py:161} INFO - Started process (PID=172) to work on /opt/airflow/dags/aqi_pipeline.py
[2026-03-13T02:58:52.183+0000] {processor.py:830} INFO - Processing file /opt/airflow/dags/aqi_pipeline.py for tasks to queue
[2026-03-13T02:58:52.184+0000] {logging_mixin.py:188} INFO - [2026-03-13T02:58:52.184+0000] {dagbag.py:538} INFO - Filling up the DagBag from /opt/airflow/dags/aqi_pipeline.py
[2026-03-13T02:58:52.220+0000] {processor.py:840} INFO - DAG(s) 'aqi_data_pipeline' retrieved from /opt/airflow/dags/aqi_pipeline.py
[2026-03-13T02:58:52.270+0000] {logging_mixin.py:188} INFO - [2026-03-13T02:58:52.269+0000] {dag.py:3036} INFO - Sync 1 DAGs
[2026-03-13T02:58:52.297+0000] {logging_mixin.py:188} INFO - [2026-03-13T02:58:52.297+0000] {dag.py:3823} INFO - Setting next_dagrun for aqi_data_pipeline to 2026-03-13 02:00:00+00:00, run_after=2026-03-13 03:00:00+00:00
[2026-03-13T02:58:52.317+0000] {processor.py:183} INFO - Processing /opt/airflow/dags/aqi_pipeline.py took 0.140 seconds
[2026-03-13T02:59:22.956+0000] {processor.py:161} INFO - Started process (PID=180) to work on /opt/airflow/dags/aqi_pipeline.py
[2026-03-13T02:59:22.957+0000] {processor.py:830} INFO - Processing file /opt/airflow/dags/aqi_pipeline.py for tasks to queue
[2026-03-13T02:59:22.958+0000] {logging_mixin.py:188} INFO - [2026-03-13T02:59:22.958+0000] {dagbag.py:538} INFO - Filling up the DagBag from /opt/airflow/dags/aqi_pipeline.py
[2026-03-13T02:59:22.991+0000] {processor.py:840} INFO - DAG(s) 'aqi_data_pipeline' retrieved from /opt/airflow/dags/aqi_pipeline.py
[2026-03-13T02:59:23.020+0000] {logging_mixin.py:188} INFO - [2026-03-13T02:59:23.020+0000] {dag.py:3036} INFO - Sync 1 DAGs
[2026-03-13T02:59:23.044+0000] {logging_mixin.py:188} INFO - [2026-03-13T02:59:23.043+0000] {dag.py:3823} INFO - Setting next_dagrun for aqi_data_pipeline to 2026-03-13 02:00:00+00:00, run_after=2026-03-13 03:00:00+00:00
[2026-03-13T02:59:23.065+0000] {processor.py:183} INFO - Processing /opt/airflow/dags/aqi_pipeline.py took 0.114 seconds
[2026-03-13T02:59:53.378+0000] {processor.py:161} INFO - Started process (PID=185) to work on /opt/airflow/dags/aqi_pipeline.py
[2026-03-13T02:59:53.379+0000] {processor.py:830} INFO - Processing file /opt/airflow/dags/aqi_pipeline.py for tasks to queue
[2026-03-13T02:59:53.380+0000] {logging_mixin.py:188} INFO - [2026-03-13T02:59:53.380+0000] {dagbag.py:538} INFO - Filling up the DagBag from /opt/airflow/dags/aqi_pipeline.py
[2026-03-13T02:59:53.413+0000] {processor.py:840} INFO - DAG(s) 'aqi_data_pipeline' retrieved from /opt/airflow/dags/aqi_pipeline.py
[2026-03-13T02:59:53.439+0000] {logging_mixin.py:188} INFO - [2026-03-13T02:59:53.439+0000] {dag.py:3036} INFO - Sync 1 DAGs
[2026-03-13T02:59:53.463+0000] {logging_mixin.py:188} INFO - [2026-03-13T02:59:53.462+0000] {dag.py:3823} INFO - Setting next_dagrun for aqi_data_pipeline to 2026-03-13 02:00:00+00:00, run_after=2026-03-13 03:00:00+00:00
[2026-03-13T02:59:53.481+0000] {processor.py:183} INFO - Processing /opt/airflow/dags/aqi_pipeline.py took 0.107 seconds
[2026-03-13T03:00:23.573+0000] {processor.py:161} INFO - Started process (PID=192) to work on /opt/airflow/dags/aqi_pipeline.py
[2026-03-13T03:00:23.574+0000] {processor.py:830} INFO - Processing file /opt/airflow/dags/aqi_pipeline.py for tasks to queue
[2026-03-13T03:00:23.575+0000] {logging_mixin.py:188} INFO - [2026-03-13T03:00:23.575+0000] {dagbag.py:538} INFO - Filling up the DagBag from /opt/airflow/dags/aqi_pipeline.py
[2026-03-13T03:00:23.604+0000] {processor.py:840} INFO - DAG(s) 'aqi_data_pipeline' retrieved from /opt/airflow/dags/aqi_pipeline.py
[2026-03-13T03:00:23.630+0000] {logging_mixin.py:188} INFO - [2026-03-13T03:00:23.630+0000] {dag.py:3036} INFO - Sync 1 DAGs
[2026-03-13T03:00:23.653+0000] {logging_mixin.py:188} INFO - [2026-03-13T03:00:23.653+0000] {dag.py:3823} INFO - Setting next_dagrun for aqi_data_pipeline to 2026-03-13 03:00:00+00:00, run_after=2026-03-13 04:00:00+00:00
[2026-03-13T03:00:23.672+0000] {processor.py:183} INFO - Processing /opt/airflow/dags/aqi_pipeline.py took 0.102 seconds
[2026-03-13T03:00:54.487+0000] {processor.py:161} INFO - Started process (PID=197) to work on /opt/airflow/dags/aqi_pipeline.py
[2026-03-13T03:00:54.489+0000] {processor.py:830} INFO - Processing file /opt/airflow/dags/aqi_pipeline.py for tasks to queue
[2026-03-13T03:00:54.490+0000] {logging_mixin.py:188} INFO - [2026-03-13T03:00:54.490+0000] {dagbag.py:538} INFO - Filling up the DagBag from /opt/airflow/dags/aqi_pipeline.py
[2026-03-13T03:00:54.525+0000] {processor.py:840} INFO - DAG(s) 'aqi_data_pipeline' retrieved from /opt/airflow/dags/aqi_pipeline.py
[2026-03-13T03:00:54.554+0000] {logging_mixin.py:188} INFO - [2026-03-13T03:00:54.554+0000] {dag.py:3036} INFO - Sync 1 DAGs
[2026-03-13T03:00:54.577+0000] {logging_mixin.py:188} INFO - [2026-03-13T03:00:54.576+0000] {dag.py:3823} INFO - Setting next_dagrun for aqi_data_pipeline to 2026-03-13 03:00:00+00:00, run_after=2026-03-13 04:00:00+00:00
[2026-03-13T03:00:54.608+0000] {processor.py:183} INFO - Processing /opt/airflow/dags/aqi_pipeline.py took 0.125 seconds
[2026-03-13T03:01:25.495+0000] {processor.py:161} INFO - Started process (PID=202) to work on /opt/airflow/dags/aqi_pipeline.py
[2026-03-13T03:01:25.496+0000] {processor.py:830} INFO - Processing file /opt/airflow/dags/aqi_pipeline.py for tasks to queue
[2026-03-13T03:01:25.498+0000] {logging_mixin.py:188} INFO - [2026-03-13T03:01:25.497+0000] {dagbag.py:538} INFO - Filling up the DagBag from /opt/airflow/dags/aqi_pipeline.py
[2026-03-13T03:01:25.534+0000] {processor.py:840} INFO - DAG(s) 'aqi_data_pipeline' retrieved from /opt/airflow/dags/aqi_pipeline.py
[2026-03-13T03:01:25.561+0000] {logging_mixin.py:188} INFO - [2026-03-13T03:01:25.560+0000] {dag.py:3036} INFO - Sync 1 DAGs
[2026-03-13T03:01:25.584+0000] {logging_mixin.py:188} INFO - [2026-03-13T03:01:25.584+0000] {dag.py:3823} INFO - Setting next_dagrun for aqi_data_pipeline to 2026-03-13 03:00:00+00:00, run_after=2026-03-13 04:00:00+00:00
[2026-03-13T03:01:25.605+0000] {processor.py:183} INFO - Processing /opt/airflow/dags/aqi_pipeline.py took 0.115 seconds
[2026-03-13T03:01:55.900+0000] {processor.py:161} INFO - Started process (PID=207) to work on /opt/airflow/dags/aqi_pipeline.py
[2026-03-13T03:01:55.901+0000] {processor.py:830} INFO - Processing file /opt/airflow/dags/aqi_pipeline.py for tasks to queue
[2026-03-13T03:01:55.903+0000] {logging_mixin.py:188} INFO - [2026-03-13T03:01:55.902+0000] {dagbag.py:538} INFO - Filling up the DagBag from /opt/airflow/dags/aqi_pipeline.py
[2026-03-13T03:01:55.937+0000] {processor.py:840} INFO - DAG(s) 'aqi_data_pipeline' retrieved from /opt/airflow/dags/aqi_pipeline.py
[2026-03-13T03:01:55.964+0000] {logging_mixin.py:188} INFO - [2026-03-13T03:01:55.964+0000] {dag.py:3036} INFO - Sync 1 DAGs
[2026-03-13T03:01:55.989+0000] {logging_mixin.py:188} INFO - [2026-03-13T03:01:55.989+0000] {dag.py:3823} INFO - Setting next_dagrun for aqi_data_pipeline to 2026-03-13 03:00:00+00:00, run_after=2026-03-13 04:00:00+00:00
[2026-03-13T03:01:56.010+0000] {processor.py:183} INFO - Processing /opt/airflow/dags/aqi_pipeline.py took 0.115 seconds
[2026-03-13T03:02:26.169+0000] {processor.py:161} INFO - Started process (PID=212) to work on /opt/airflow/dags/aqi_pipeline.py
[2026-03-13T03:02:26.170+0000] {processor.py:830} INFO - Processing file /opt/airflow/dags/aqi_pipeline.py for tasks to queue
[2026-03-13T03:02:26.171+0000] {logging_mixin.py:188} INFO - [2026-03-13T03:02:26.171+0000] {dagbag.py:538} INFO - Filling up the DagBag from /opt/airflow/dags/aqi_pipeline.py
[2026-03-13T03:02:26.205+0000] {processor.py:840} INFO - DAG(s) 'aqi_data_pipeline' retrieved from /opt/airflow/dags/aqi_pipeline.py
[2026-03-13T03:02:26.233+0000] {logging_mixin.py:188} INFO - [2026-03-13T03:02:26.232+0000] {dag.py:3036} INFO - Sync 1 DAGs
[2026-03-13T03:02:26.257+0000] {logging_mixin.py:188} INFO - [2026-03-13T03:02:26.257+0000] {dag.py:3823} INFO - Setting next_dagrun for aqi_data_pipeline to 2026-03-13 03:00:00+00:00, run_after=2026-03-13 04:00:00+00:00
[2026-03-13T03:02:26.278+0000] {processor.py:183} INFO - Processing /opt/airflow/dags/aqi_pipeline.py took 0.112 seconds
[2026-03-13T03:02:57.182+0000] {processor.py:161} INFO - Started process (PID=217) to work on /opt/airflow/dags/aqi_pipeline.py
[2026-03-13T03:02:57.183+0000] {processor.py:830} INFO - Processing file /opt/airflow/dags/aqi_pipeline.py for tasks to queue
[2026-03-13T03:02:57.184+0000] {logging_mixin.py:188} INFO - [2026-03-13T03:02:57.184+0000] {dagbag.py:538} INFO - Filling up the DagBag from /opt/airflow/dags/aqi_pipeline.py
[2026-03-13T03:02:57.219+0000] {processor.py:840} INFO - DAG(s) 'aqi_data_pipeline' retrieved from /opt/airflow/dags/aqi_pipeline.py
[2026-03-13T03:02:57.245+0000] {logging_mixin.py:188} INFO - [2026-03-13T03:02:57.245+0000] {dag.py:3036} INFO - Sync 1 DAGs
[2026-03-13T03:02:57.269+0000] {logging_mixin.py:188} INFO - [2026-03-13T03:02:57.269+0000] {dag.py:3823} INFO - Setting next_dagrun for aqi_data_pipeline to 2026-03-13 03:00:00+00:00, run_after=2026-03-13 04:00:00+00:00
[2026-03-13T03:02:57.290+0000] {processor.py:183} INFO - Processing /opt/airflow/dags/aqi_pipeline.py took 0.112 seconds
[2026-03-13T03:03:28.025+0000] {processor.py:161} INFO - Started process (PID=222) to work on /opt/airflow/dags/aqi_pipeline.py
[2026-03-13T03:03:28.026+0000] {processor.py:830} INFO - Processing file /opt/airflow/dags/aqi_pipeline.py for tasks to queue
[2026-03-13T03:03:28.027+0000] {logging_mixin.py:188} INFO - [2026-03-13T03:03:28.027+0000] {dagbag.py:538} INFO - Filling up the DagBag from /opt/airflow/dags/aqi_pipeline.py
[2026-03-13T03:03:28.062+0000] {processor.py:840} INFO - DAG(s) 'aqi_data_pipeline' retrieved from /opt/airflow/dags/aqi_pipeline.py
[2026-03-13T03:03:28.091+0000] {logging_mixin.py:188} INFO - [2026-03-13T03:03:28.091+0000] {dag.py:3036} INFO - Sync 1 DAGs
[2026-03-13T03:03:28.117+0000] {logging_mixin.py:188} INFO - [2026-03-13T03:03:28.117+0000] {dag.py:3823} INFO - Setting next_dagrun for aqi_data_pipeline to 2026-03-13 03:00:00+00:00, run_after=2026-03-13 04:00:00+00:00
[2026-03-13T03:03:28.137+0000] {processor.py:183} INFO - Processing /opt/airflow/dags/aqi_pipeline.py took 0.117 seconds
[2026-03-13T03:03:58.401+0000] {processor.py:161} INFO - Started process (PID=231) to work on /opt/airflow/dags/aqi_pipeline.py
[2026-03-13T03:03:58.402+0000] {processor.py:830} INFO - Processing file /opt/airflow/dags/aqi_pipeline.py for tasks to queue
[2026-03-13T03:03:58.403+0000] {logging_mixin.py:188} INFO - [2026-03-13T03:03:58.403+0000] {dagbag.py:538} INFO - Filling up the DagBag from /opt/airflow/dags/aqi_pipeline.py
[2026-03-13T03:03:58.434+0000] {processor.py:840} INFO - DAG(s) 'aqi_data_pipeline' retrieved from /opt/airflow/dags/aqi_pipeline.py
[2026-03-13T03:03:58.456+0000] {logging_mixin.py:188} INFO - [2026-03-13T03:03:58.455+0000] {dag.py:3036} INFO - Sync 1 DAGs
[2026-03-13T03:03:58.475+0000] {logging_mixin.py:188} INFO - [2026-03-13T03:03:58.475+0000] {dag.py:3823} INFO - Setting next_dagrun for aqi_data_pipeline to 2026-03-13 03:00:00+00:00, run_after=2026-03-13 04:00:00+00:00
[2026-03-13T03:03:58.493+0000] {processor.py:183} INFO - Processing /opt/airflow/dags/aqi_pipeline.py took 0.095 seconds
[2026-03-13T03:04:29.384+0000] {processor.py:161} INFO - Started process (PID=236) to work on /opt/airflow/dags/aqi_pipeline.py
[2026-03-13T03:04:29.385+0000] {processor.py:830} INFO - Processing file /opt/airflow/dags/aqi_pipeline.py for tasks to queue
[2026-03-13T03:04:29.387+0000] {logging_mixin.py:188} INFO - [2026-03-13T03:04:29.386+0000] {dagbag.py:538} INFO - Filling up the DagBag from /opt/airflow/dags/aqi_pipeline.py
[2026-03-13T03:04:29.424+0000] {processor.py:840} INFO - DAG(s) 'aqi_data_pipeline' retrieved from /opt/airflow/dags/aqi_pipeline.py
[2026-03-13T03:04:29.457+0000] {logging_mixin.py:188} INFO - [2026-03-13T03:04:29.457+0000] {dag.py:3036} INFO - Sync 1 DAGs
[2026-03-13T03:04:29.484+0000] {logging_mixin.py:188} INFO - [2026-03-13T03:04:29.484+0000] {dag.py:3823} INFO - Setting next_dagrun for aqi_data_pipeline to 2026-03-13 03:00:00+00:00, run_after=2026-03-13 04:00:00+00:00
[2026-03-13T03:04:29.508+0000] {processor.py:183} INFO - Processing /opt/airflow/dags/aqi_pipeline.py took 0.128 seconds
[2026-03-13T03:05:02.320+0000] {processor.py:161} INFO - Started process (PID=241) to work on /opt/airflow/dags/aqi_pipeline.py
[2026-03-13T03:05:02.321+0000] {processor.py:830} INFO - Processing file /opt/airflow/dags/aqi_pipeline.py for tasks to queue
[2026-03-13T03:05:02.322+0000] {logging_mixin.py:188} INFO - [2026-03-13T03:05:02.322+0000] {dagbag.py:538} INFO - Filling up the DagBag from /opt/airflow/dags/aqi_pipeline.py
[2026-03-13T03:05:02.355+0000] {processor.py:840} INFO - DAG(s) 'aqi_data_pipeline' retrieved from /opt/airflow/dags/aqi_pipeline.py
[2026-03-13T03:05:02.383+0000] {logging_mixin.py:188} INFO - [2026-03-13T03:05:02.383+0000] {dag.py:3036} INFO - Sync 1 DAGs
[2026-03-13T03:05:02.408+0000] {logging_mixin.py:188} INFO - [2026-03-13T03:05:02.408+0000] {dag.py:3823} INFO - Setting next_dagrun for aqi_data_pipeline to 2026-03-13 03:00:00+00:00, run_after=2026-03-13 04:00:00+00:00
[2026-03-13T03:05:02.430+0000] {processor.py:183} INFO - Processing /opt/airflow/dags/aqi_pipeline.py took 0.114 seconds
[2026-03-13T03:05:32.781+0000] {processor.py:161} INFO - Started process (PID=248) to work on /opt/airflow/dags/aqi_pipeline.py
[2026-03-13T03:05:32.782+0000] {processor.py:830} INFO - Processing file /opt/airflow/dags/aqi_pipeline.py for tasks to queue
[2026-03-13T03:05:32.783+0000] {logging_mixin.py:188} INFO - [2026-03-13T03:05:32.783+0000] {dagbag.py:538} INFO - Filling up the DagBag from /opt/airflow/dags/aqi_pipeline.py
[2026-03-13T03:05:32.816+0000] {processor.py:840} INFO - DAG(s) 'aqi_data_pipeline' retrieved from /opt/airflow/dags/aqi_pipeline.py
[2026-03-13T03:05:32.844+0000] {logging_mixin.py:188} INFO - [2026-03-13T03:05:32.844+0000] {dag.py:3036} INFO - Sync 1 DAGs
[2026-03-13T03:05:32.868+0000] {logging_mixin.py:188} INFO - [2026-03-13T03:05:32.868+0000] {dag.py:3823} INFO - Setting next_dagrun for aqi_data_pipeline to 2026-03-13 03:00:00+00:00, run_after=2026-03-13 04:00:00+00:00
[2026-03-13T03:05:32.889+0000] {processor.py:183} INFO - Processing /opt/airflow/dags/aqi_pipeline.py took 0.112 seconds
[2026-03-13T03:06:03.166+0000] {processor.py:161} INFO - Started process (PID=253) to work on /opt/airflow/dags/aqi_pipeline.py
[2026-03-13T03:06:03.167+0000] {processor.py:830} INFO - Processing file /opt/airflow/dags/aqi_pipeline.py for tasks to queue
[2026-03-13T03:06:03.169+0000] {logging_mixin.py:188} INFO - [2026-03-13T03:06:03.168+0000] {dagbag.py:538} INFO - Filling up the DagBag from /opt/airflow/dags/aqi_pipeline.py
[2026-03-13T03:06:03.203+0000] {processor.py:840} INFO - DAG(s) 'aqi_data_pipeline' retrieved from /opt/airflow/dags/aqi_pipeline.py
[2026-03-13T03:06:03.233+0000] {logging_mixin.py:188} INFO - [2026-03-13T03:06:03.233+0000] {dag.py:3036} INFO - Sync 1 DAGs
[2026-03-13T03:06:03.258+0000] {logging_mixin.py:188} INFO - [2026-03-13T03:06:03.258+0000] {dag.py:3823} INFO - Setting next_dagrun for aqi_data_pipeline to 2026-03-13 03:00:00+00:00, run_after=2026-03-13 04:00:00+00:00
[2026-03-13T03:06:03.279+0000] {processor.py:183} INFO - Processing /opt/airflow/dags/aqi_pipeline.py took 0.116 seconds
[2026-03-13T03:06:33.379+0000] {processor.py:161} INFO - Started process (PID=258) to work on /opt/airflow/dags/aqi_pipeline.py
[2026-03-13T03:06:33.380+0000] {processor.py:830} INFO - Processing file /opt/airflow/dags/aqi_pipeline.py for tasks to queue
[2026-03-13T03:06:33.381+0000] {logging_mixin.py:188} INFO - [2026-03-13T03:06:33.381+0000] {dagbag.py:538} INFO - Filling up the DagBag from /opt/airflow/dags/aqi_pipeline.py
[2026-03-13T03:06:33.413+0000] {processor.py:840} INFO - DAG(s) 'aqi_data_pipeline' retrieved from /opt/airflow/dags/aqi_pipeline.py
[2026-03-13T03:06:33.440+0000] {logging_mixin.py:188} INFO - [2026-03-13T03:06:33.440+0000] {dag.py:3036} INFO - Sync 1 DAGs
[2026-03-13T03:06:33.464+0000] {logging_mixin.py:188} INFO - [2026-03-13T03:06:33.463+0000] {dag.py:3823} INFO - Setting next_dagrun for aqi_data_pipeline to 2026-03-13 03:00:00+00:00, run_after=2026-03-13 04:00:00+00:00
[2026-03-13T03:06:33.484+0000] {processor.py:183} INFO - Processing /opt/airflow/dags/aqi_pipeline.py took 0.110 seconds
[2026-03-13T03:07:04.315+0000] {processor.py:161} INFO - Started process (PID=263) to work on /opt/airflow/dags/aqi_pipeline.py
[2026-03-13T03:07:04.317+0000] {processor.py:830} INFO - Processing file /opt/airflow/dags/aqi_pipeline.py for tasks to queue
[2026-03-13T03:07:04.318+0000] {logging_mixin.py:188} INFO - [2026-03-13T03:07:04.318+0000] {dagbag.py:538} INFO - Filling up the DagBag from /opt/airflow/dags/aqi_pipeline.py
[2026-03-13T03:07:04.350+0000] {processor.py:840} INFO - DAG(s) 'aqi_data_pipeline' retrieved from /opt/airflow/dags/aqi_pipeline.py
[2026-03-13T03:07:04.376+0000] {logging_mixin.py:188} INFO - [2026-03-13T03:07:04.376+0000] {dag.py:3036} INFO - Sync 1 DAGs
[2026-03-13T03:07:04.398+0000] {logging_mixin.py:188} INFO - [2026-03-13T03:07:04.398+0000] {dag.py:3823} INFO - Setting next_dagrun for aqi_data_pipeline to 2026-03-13 03:00:00+00:00, run_after=2026-03-13 04:00:00+00:00
[2026-03-13T03:07:04.417+0000] {processor.py:183} INFO - Processing /opt/airflow/dags/aqi_pipeline.py took 0.106 seconds
[2026-03-13T03:07:35.373+0000] {processor.py:161} INFO - Started process (PID=268) to work on /opt/airflow/dags/aqi_pipeline.py
[2026-03-13T03:07:35.374+0000] {processor.py:830} INFO - Processing file /opt/airflow/dags/aqi_pipeline.py for tasks to queue
[2026-03-13T03:07:35.375+0000] {logging_mixin.py:188} INFO - [2026-03-13T03:07:35.374+0000] {dagbag.py:538} INFO - Filling up the DagBag from /opt/airflow/dags/aqi_pipeline.py
[2026-03-13T03:07:35.408+0000] {processor.py:840} INFO - DAG(s) 'aqi_data_pipeline' retrieved from /opt/airflow/dags/aqi_pipeline.py
[2026-03-13T03:07:35.436+0000] {logging_mixin.py:188} INFO - [2026-03-13T03:07:35.436+0000] {dag.py:3036} INFO - Sync 1 DAGs
[2026-03-13T03:07:35.462+0000] {logging_mixin.py:188} INFO - [2026-03-13T03:07:35.462+0000] {dag.py:3823} INFO - Setting next_dagrun for aqi_data_pipeline to 2026-03-13 03:00:00+00:00, run_after=2026-03-13 04:00:00+00:00
[2026-03-13T03:07:35.483+0000] {processor.py:183} INFO - Processing /opt/airflow/dags/aqi_pipeline.py took 0.114 seconds
[2026-03-13T03:08:05.674+0000] {processor.py:161} INFO - Started process (PID=273) to work on /opt/airflow/dags/aqi_pipeline.py
[2026-03-13T03:08:05.676+0000] {processor.py:830} INFO - Processing file /opt/airflow/dags/aqi_pipeline.py for tasks to queue
[2026-03-13T03:08:05.677+0000] {logging_mixin.py:188} INFO - [2026-03-13T03:08:05.677+0000] {dagbag.py:538} INFO - Filling up the DagBag from /opt/airflow/dags/aqi_pipeline.py
[2026-03-13T03:08:05.714+0000] {processor.py:840} INFO - DAG(s) 'aqi_data_pipeline' retrieved from /opt/airflow/dags/aqi_pipeline.py
[2026-03-13T03:08:05.743+0000] {logging_mixin.py:188} INFO - [2026-03-13T03:08:05.743+0000] {dag.py:3036} INFO - Sync 1 DAGs
[2026-03-13T03:08:05.768+0000] {logging_mixin.py:188} INFO - [2026-03-13T03:08:05.767+0000] {dag.py:3823} INFO - Setting next_dagrun for aqi_data_pipeline to 2026-03-13 03:00:00+00:00, run_after=2026-03-13 04:00:00+00:00
[2026-03-13T03:08:05.787+0000] {processor.py:183} INFO - Processing /opt/airflow/dags/aqi_pipeline.py took 0.118 seconds
[2026-03-13T03:08:35.928+0000] {processor.py:161} INFO - Started process (PID=278) to work on /opt/airflow/dags/aqi_pipeline.py
[2026-03-13T03:08:35.929+0000] {processor.py:830} INFO - Processing file /opt/airflow/dags/aqi_pipeline.py for tasks to queue
[2026-03-13T03:08:35.930+0000] {logging_mixin.py:188} INFO - [2026-03-13T03:08:35.930+0000] {dagbag.py:538} INFO - Filling up the DagBag from /opt/airflow/dags/aqi_pipeline.py
[2026-03-13T03:08:35.964+0000] {processor.py:840} INFO - DAG(s) 'aqi_data_pipeline' retrieved from /opt/airflow/dags/aqi_pipeline.py
[2026-03-13T03:08:35.993+0000] {logging_mixin.py:188} INFO - [2026-03-13T03:08:35.993+0000] {dag.py:3036} INFO - Sync 1 DAGs
[2026-03-13T03:08:36.019+0000] {logging_mixin.py:188} INFO - [2026-03-13T03:08:36.019+0000] {dag.py:3823} INFO - Setting next_dagrun for aqi_data_pipeline to 2026-03-13 03:00:00+00:00, run_after=2026-03-13 04:00:00+00:00
[2026-03-13T03:08:36.040+0000] {processor.py:183} INFO - Processing /opt/airflow/dags/aqi_pipeline.py took 0.116 seconds
[2026-03-13T03:09:06.827+0000] {processor.py:161} INFO - Started process (PID=287) to work on /opt/airflow/dags/aqi_pipeline.py
[2026-03-13T03:09:06.828+0000] {processor.py:830} INFO - Processing file /opt/airflow/dags/aqi_pipeline.py for tasks to queue
[2026-03-13T03:09:06.829+0000] {logging_mixin.py:188} INFO - [2026-03-13T03:09:06.828+0000] {dagbag.py:538} INFO - Filling up the DagBag from /opt/airflow/dags/aqi_pipeline.py
[2026-03-13T03:09:06.861+0000] {processor.py:840} INFO - DAG(s) 'aqi_data_pipeline' retrieved from /opt/airflow/dags/aqi_pipeline.py
[2026-03-13T03:09:06.886+0000] {logging_mixin.py:188} INFO - [2026-03-13T03:09:06.886+0000] {dag.py:3036} INFO - Sync 1 DAGs
[2026-03-13T03:09:06.910+0000] {logging_mixin.py:188} INFO - [2026-03-13T03:09:06.909+0000] {dag.py:3823} INFO - Setting next_dagrun for aqi_data_pipeline to 2026-03-13 03:00:00+00:00, run_after=2026-03-13 04:00:00+00:00
[2026-03-13T03:09:06.931+0000] {processor.py:183} INFO - Processing /opt/airflow/dags/aqi_pipeline.py took 0.108 seconds
[2026-03-13T03:09:37.578+0000] {processor.py:161} INFO - Started process (PID=292) to work on /opt/airflow/dags/aqi_pipeline.py
[2026-03-13T03:09:37.579+0000] {processor.py:830} INFO - Processing file /opt/airflow/dags/aqi_pipeline.py for tasks to queue
[2026-03-13T03:09:37.580+0000] {logging_mixin.py:188} INFO - [2026-03-13T03:09:37.580+0000] {dagbag.py:538} INFO - Filling up the DagBag from /opt/airflow/dags/aqi_pipeline.py
[2026-03-13T03:09:37.612+0000] {processor.py:840} INFO - DAG(s) 'aqi_data_pipeline' retrieved from /opt/airflow/dags/aqi_pipeline.py
[2026-03-13T03:09:37.635+0000] {logging_mixin.py:188} INFO - [2026-03-13T03:09:37.635+0000] {dag.py:3036} INFO - Sync 1 DAGs
[2026-03-13T03:09:37.660+0000] {logging_mixin.py:188} INFO - [2026-03-13T03:09:37.660+0000] {dag.py:3823} INFO - Setting next_dagrun for aqi_data_pipeline to 2026-03-13 03:00:00+00:00, run_after=2026-03-13 04:00:00+00:00
[2026-03-13T03:09:37.680+0000] {processor.py:183} INFO - Processing /opt/airflow/dags/aqi_pipeline.py took 0.106 seconds
[2026-03-13T03:10:11.912+0000] {processor.py:161} INFO - Started process (PID=297) to work on /opt/airflow/dags/aqi_pipeline.py
[2026-03-13T03:10:11.913+0000] {processor.py:830} INFO - Processing file /opt/airflow/dags/aqi_pipeline.py for tasks to queue
[2026-03-13T03:10:11.914+0000] {logging_mixin.py:188} INFO - [2026-03-13T03:10:11.914+0000] {dagbag.py:538} INFO - Filling up the DagBag from /opt/airflow/dags/aqi_pipeline.py
[2026-03-13T03:10:11.947+0000] {processor.py:840} INFO - DAG(s) 'aqi_data_pipeline' retrieved from /opt/airflow/dags/aqi_pipeline.py
[2026-03-13T03:10:11.974+0000] {logging_mixin.py:188} INFO - [2026-03-13T03:10:11.974+0000] {dag.py:3036} INFO - Sync 1 DAGs
[2026-03-13T03:10:12.001+0000] {logging_mixin.py:188} INFO - [2026-03-13T03:10:12.001+0000] {dag.py:3823} INFO - Setting next_dagrun for aqi_data_pipeline to 2026-03-13 03:00:00+00:00, run_after=2026-03-13 04:00:00+00:00
[2026-03-13T03:10:12.023+0000] {processor.py:183} INFO - Processing /opt/airflow/dags/aqi_pipeline.py took 0.115 seconds
[2026-03-13T03:10:42.194+0000] {processor.py:161} INFO - Started process (PID=304) to work on /opt/airflow/dags/aqi_pipeline.py
[2026-03-13T03:10:42.196+0000] {processor.py:830} INFO - Processing file /opt/airflow/dags/aqi_pipeline.py for tasks to queue
[2026-03-13T03:10:42.197+0000] {logging_mixin.py:188} INFO - [2026-03-13T03:10:42.197+0000] {dagbag.py:538} INFO - Filling up the DagBag from /opt/airflow/dags/aqi_pipeline.py
[2026-03-13T03:10:42.232+0000] {processor.py:840} INFO - DAG(s) 'aqi_data_pipeline' retrieved from /opt/airflow/dags/aqi_pipeline.py
[2026-03-13T03:10:42.260+0000] {logging_mixin.py:188} INFO - [2026-03-13T03:10:42.260+0000] {dag.py:3036} INFO - Sync 1 DAGs
[2026-03-13T03:10:42.284+0000] {logging_mixin.py:188} INFO - [2026-03-13T03:10:42.284+0000] {dag.py:3823} INFO - Setting next_dagrun for aqi_data_pipeline to 2026-03-13 03:00:00+00:00, run_after=2026-03-13 04:00:00+00:00
[2026-03-13T03:10:42.305+0000] {processor.py:183} INFO - Processing /opt/airflow/dags/aqi_pipeline.py took 0.115 seconds
[2026-03-13T03:11:13.105+0000] {processor.py:161} INFO - Started process (PID=309) to work on /opt/airflow/dags/aqi_pipeline.py
[2026-03-13T03:11:13.106+0000] {processor.py:830} INFO - Processing file /opt/airflow/dags/aqi_pipeline.py for tasks to queue
[2026-03-13T03:11:13.107+0000] {logging_mixin.py:188} INFO - [2026-03-13T03:11:13.107+0000] {dagbag.py:538} INFO - Filling up the DagBag from /opt/airflow/dags/aqi_pipeline.py
[2026-03-13T03:11:13.144+0000] {processor.py:840} INFO - DAG(s) 'aqi_data_pipeline' retrieved from /opt/airflow/dags/aqi_pipeline.py
[2026-03-13T03:11:13.175+0000] {logging_mixin.py:188} INFO - [2026-03-13T03:11:13.174+0000] {dag.py:3036} INFO - Sync 1 DAGs
[2026-03-13T03:11:13.208+0000] {logging_mixin.py:188} INFO - [2026-03-13T03:11:13.208+0000] {dag.py:3823} INFO - Setting next_dagrun for aqi_data_pipeline to 2026-03-13 03:00:00+00:00, run_after=2026-03-13 04:00:00+00:00
[2026-03-13T03:11:13.241+0000] {processor.py:183} INFO - Processing /opt/airflow/dags/aqi_pipeline.py took 0.140 seconds
[2026-03-13T03:11:43.587+0000] {processor.py:161} INFO - Started process (PID=314) to work on /opt/airflow/dags/aqi_pipeline.py
[2026-03-13T03:11:43.589+0000] {processor.py:830} INFO - Processing file /opt/airflow/dags/aqi_pipeline.py for tasks to queue
[2026-03-13T03:11:43.590+0000] {logging_mixin.py:188} INFO - [2026-03-13T03:11:43.590+0000] {dagbag.py:538} INFO - Filling up the DagBag from /opt/airflow/dags/aqi_pipeline.py
[2026-03-13T03:11:43.627+0000] {processor.py:840} INFO - DAG(s) 'aqi_data_pipeline' retrieved from /opt/airflow/dags/aqi_pipeline.py
[2026-03-13T03:11:43.654+0000] {logging_mixin.py:188} INFO - [2026-03-13T03:11:43.654+0000] {dag.py:3036} INFO - Sync 1 DAGs
[2026-03-13T03:11:43.678+0000] {logging_mixin.py:188} INFO - [2026-03-13T03:11:43.678+0000] {dag.py:3823} INFO - Setting next_dagrun for aqi_data_pipeline to 2026-03-13 03:00:00+00:00, run_after=2026-03-13 04:00:00+00:00
[2026-03-13T03:11:43.698+0000] {processor.py:183} INFO - Processing /opt/airflow/dags/aqi_pipeline.py took 0.115 seconds
[2026-03-13T03:12:13.995+0000] {processor.py:161} INFO - Started process (PID=319) to work on /opt/airflow/dags/aqi_pipeline.py
[2026-03-13T03:12:13.996+0000] {processor.py:830} INFO - Processing file /opt/airflow/dags/aqi_pipeline.py for tasks to queue
[2026-03-13T03:12:13.997+0000] {logging_mixin.py:188} INFO - [2026-03-13T03:12:13.996+0000] {dagbag.py:538} INFO - Filling up the DagBag from /opt/airflow/dags/aqi_pipeline.py
[2026-03-13T03:12:14.030+0000] {processor.py:840} INFO - DAG(s) 'aqi_data_pipeline' retrieved from /opt/airflow/dags/aqi_pipeline.py
[2026-03-13T03:12:14.058+0000] {logging_mixin.py:188} INFO - [2026-03-13T03:12:14.058+0000] {dag.py:3036} INFO - Sync 1 DAGs
[2026-03-13T03:12:14.083+0000] {logging_mixin.py:188} INFO - [2026-03-13T03:12:14.083+0000] {dag.py:3823} INFO - Setting next_dagrun for aqi_data_pipeline to 2026-03-13 03:00:00+00:00, run_after=2026-03-13 04:00:00+00:00
[2026-03-13T03:12:14.104+0000] {processor.py:183} INFO - Processing /opt/airflow/dags/aqi_pipeline.py took 0.113 seconds
[2026-03-13T03:12:45.037+0000] {processor.py:161} INFO - Started process (PID=324) to work on /opt/airflow/dags/aqi_pipeline.py
[2026-03-13T03:12:45.038+0000] {processor.py:830} INFO - Processing file /opt/airflow/dags/aqi_pipeline.py for tasks to queue
[2026-03-13T03:12:45.039+0000] {logging_mixin.py:188} INFO - [2026-03-13T03:12:45.039+0000] {dagbag.py:538} INFO - Filling up the DagBag from /opt/airflow/dags/aqi_pipeline.py
[2026-03-13T03:12:45.074+0000] {processor.py:840} INFO - DAG(s) 'aqi_data_pipeline' retrieved from /opt/airflow/dags/aqi_pipeline.py
[2026-03-13T03:12:45.105+0000] {logging_mixin.py:188} INFO - [2026-03-13T03:12:45.104+0000] {dag.py:3036} INFO - Sync 1 DAGs
[2026-03-13T03:12:45.128+0000] {logging_mixin.py:188} INFO - [2026-03-13T03:12:45.128+0000] {dag.py:3823} INFO - Setting next_dagrun for aqi_data_pipeline to 2026-03-13 03:00:00+00:00, run_after=2026-03-13 04:00:00+00:00
[2026-03-13T03:12:45.148+0000] {processor.py:183} INFO - Processing /opt/airflow/dags/aqi_pipeline.py took 0.115 seconds
[2026-03-13T03:13:15.932+0000] {processor.py:161} INFO - Started process (PID=329) to work on /opt/airflow/dags/aqi_pipeline.py
[2026-03-13T03:13:15.933+0000] {processor.py:830} INFO - Processing file /opt/airflow/dags/aqi_pipeline.py for tasks to queue
[2026-03-13T03:13:15.934+0000] {logging_mixin.py:188} INFO - [2026-03-13T03:13:15.933+0000] {dagbag.py:538} INFO - Filling up the DagBag from /opt/airflow/dags/aqi_pipeline.py
[2026-03-13T03:13:15.966+0000] {processor.py:840} INFO - DAG(s) 'aqi_data_pipeline' retrieved from /opt/airflow/dags/aqi_pipeline.py
[2026-03-13T03:13:15.993+0000] {logging_mixin.py:188} INFO - [2026-03-13T03:13:15.993+0000] {dag.py:3036} INFO - Sync 1 DAGs
[2026-03-13T03:13:16.016+0000] {logging_mixin.py:188} INFO - [2026-03-13T03:13:16.016+0000] {dag.py:3823} INFO - Setting next_dagrun for aqi_data_pipeline to 2026-03-13 03:00:00+00:00, run_after=2026-03-13 04:00:00+00:00
[2026-03-13T03:13:16.037+0000] {processor.py:183} INFO - Processing /opt/airflow/dags/aqi_pipeline.py took 0.108 seconds
[2026-03-13T03:13:46.859+0000] {processor.py:161} INFO - Started process (PID=334) to work on /opt/airflow/dags/aqi_pipeline.py
[2026-03-13T03:13:46.861+0000] {processor.py:830} INFO - Processing file /opt/airflow/dags/aqi_pipeline.py for tasks to queue
[2026-03-13T03:13:46.862+0000] {logging_mixin.py:188} INFO - [2026-03-13T03:13:46.862+0000] {dagbag.py:538} INFO - Filling up the DagBag from /opt/airflow/dags/aqi_pipeline.py
[2026-03-13T03:13:46.898+0000] {processor.py:840} INFO - DAG(s) 'aqi_data_pipeline' retrieved from /opt/airflow/dags/aqi_pipeline.py
[2026-03-13T03:13:46.931+0000] {logging_mixin.py:188} INFO - [2026-03-13T03:13:46.931+0000] {dag.py:3036} INFO - Sync 1 DAGs
[2026-03-13T03:13:46.958+0000] {logging_mixin.py:188} INFO - [2026-03-13T03:13:46.958+0000] {dag.py:3823} INFO - Setting next_dagrun for aqi_data_pipeline to 2026-03-13 03:00:00+00:00, run_after=2026-03-13 04:00:00+00:00
[2026-03-13T03:13:46.980+0000] {processor.py:183} INFO - Processing /opt/airflow/dags/aqi_pipeline.py took 0.126 seconds
[2026-03-13T03:14:17.102+0000] {processor.py:161} INFO - Started process (PID=339) to work on /opt/airflow/dags/aqi_pipeline.py
[2026-03-13T03:14:17.103+0000] {processor.py:830} INFO - Processing file /opt/airflow/dags/aqi_pipeline.py for tasks to queue
[2026-03-13T03:14:17.104+0000] {logging_mixin.py:188} INFO - [2026-03-13T03:14:17.104+0000] {dagbag.py:538} INFO - Filling up the DagBag from /opt/airflow/dags/aqi_pipeline.py
[2026-03-13T03:14:17.138+0000] {processor.py:840} INFO - DAG(s) 'aqi_data_pipeline' retrieved from /opt/airflow/dags/aqi_pipeline.py
[2026-03-13T03:14:17.165+0000] {logging_mixin.py:188} INFO - [2026-03-13T03:14:17.164+0000] {dag.py:3036} INFO - Sync 1 DAGs
[2026-03-13T03:14:17.189+0000] {logging_mixin.py:188} INFO - [2026-03-13T03:14:17.189+0000] {dag.py:3823} INFO - Setting next_dagrun for aqi_data_pipeline to 2026-03-13 03:00:00+00:00, run_after=2026-03-13 04:00:00+00:00
[2026-03-13T03:14:17.210+0000] {processor.py:183} INFO - Processing /opt/airflow/dags/aqi_pipeline.py took 0.112 seconds
[2026-03-13T03:14:47.269+0000] {processor.py:161} INFO - Started process (PID=344) to work on /opt/airflow/dags/aqi_pipeline.py
[2026-03-13T03:14:47.270+0000] {processor.py:830} INFO - Processing file /opt/airflow/dags/aqi_pipeline.py for tasks to queue
[2026-03-13T03:14:47.271+0000] {logging_mixin.py:188} INFO - [2026-03-13T03:14:47.270+0000] {dagbag.py:538} INFO - Filling up the DagBag from /opt/airflow/dags/aqi_pipeline.py
[2026-03-13T03:14:47.305+0000] {processor.py:840} INFO - DAG(s) 'aqi_data_pipeline' retrieved from /opt/airflow/dags/aqi_pipeline.py
[2026-03-13T03:14:47.336+0000] {logging_mixin.py:188} INFO - [2026-03-13T03:14:47.336+0000] {dag.py:3036} INFO - Sync 1 DAGs
[2026-03-13T03:14:47.362+0000] {logging_mixin.py:188} INFO - [2026-03-13T03:14:47.362+0000] {dag.py:3823} INFO - Setting next_dagrun for aqi_data_pipeline to 2026-03-13 03:00:00+00:00, run_after=2026-03-13 04:00:00+00:00
[2026-03-13T03:14:47.383+0000] {processor.py:183} INFO - Processing /opt/airflow/dags/aqi_pipeline.py took 0.118 seconds
[2026-03-13T03:15:18.155+0000] {processor.py:161} INFO - Started process (PID=349) to work on /opt/airflow/dags/aqi_pipeline.py
[2026-03-13T03:15:18.156+0000] {processor.py:830} INFO - Processing file /opt/airflow/dags/aqi_pipeline.py for tasks to queue
[2026-03-13T03:15:18.157+0000] {logging_mixin.py:188} INFO - [2026-03-13T03:15:18.157+0000] {dagbag.py:538} INFO - Filling up the DagBag from /opt/airflow/dags/aqi_pipeline.py
[2026-03-13T03:15:18.189+0000] {processor.py:840} INFO - DAG(s) 'aqi_data_pipeline' retrieved from /opt/airflow/dags/aqi_pipeline.py
[2026-03-13T03:15:18.223+0000] {logging_mixin.py:188} INFO - [2026-03-13T03:15:18.223+0000] {dag.py:3036} INFO - Sync 1 DAGs
[2026-03-13T03:15:18.259+0000] {logging_mixin.py:188} INFO - [2026-03-13T03:15:18.259+0000] {dag.py:3823} INFO - Setting next_dagrun for aqi_data_pipeline to 2026-03-13 03:00:00+00:00, run_after=2026-03-13 04:00:00+00:00
[2026-03-13T03:15:18.286+0000] {processor.py:183} INFO - Processing /opt/airflow/dags/aqi_pipeline.py took 0.134 seconds
[2026-03-13T03:15:48.718+0000] {processor.py:161} INFO - Started process (PID=354) to work on /opt/airflow/dags/aqi_pipeline.py
[2026-03-13T03:15:48.719+0000] {processor.py:830} INFO - Processing file /opt/airflow/dags/aqi_pipeline.py for tasks to queue
[2026-03-13T03:15:48.720+0000] {logging_mixin.py:188} INFO - [2026-03-13T03:15:48.720+0000] {dagbag.py:538} INFO - Filling up the DagBag from /opt/airflow/dags/aqi_pipeline.py
[2026-03-13T03:15:48.752+0000] {processor.py:840} INFO - DAG(s) 'aqi_data_pipeline' retrieved from /opt/airflow/dags/aqi_pipeline.py
[2026-03-13T03:15:48.779+0000] {logging_mixin.py:188} INFO - [2026-03-13T03:15:48.778+0000] {dag.py:3036} INFO - Sync 1 DAGs
[2026-03-13T03:15:48.802+0000] {logging_mixin.py:188} INFO - [2026-03-13T03:15:48.802+0000] {dag.py:3823} INFO - Setting next_dagrun for aqi_data_pipeline to 2026-03-13 03:00:00+00:00, run_after=2026-03-13 04:00:00+00:00
[2026-03-13T03:15:48.822+0000] {processor.py:183} INFO - Processing /opt/airflow/dags/aqi_pipeline.py took 0.107 seconds
[2026-03-13T03:16:18.966+0000] {processor.py:161} INFO - Started process (PID=359) to work on /opt/airflow/dags/aqi_pipeline.py
[2026-03-13T03:16:18.967+0000] {processor.py:830} INFO - Processing file /opt/airflow/dags/aqi_pipeline.py for tasks to queue
[2026-03-13T03:16:18.968+0000] {logging_mixin.py:188} INFO - [2026-03-13T03:16:18.968+0000] {dagbag.py:538} INFO - Filling up the DagBag from /opt/airflow/dags/aqi_pipeline.py
[2026-03-13T03:16:18.997+0000] {processor.py:840} INFO - DAG(s) 'aqi_data_pipeline' retrieved from /opt/airflow/dags/aqi_pipeline.py
[2026-03-13T03:16:19.022+0000] {logging_mixin.py:188} INFO - [2026-03-13T03:16:19.021+0000] {dag.py:3036} INFO - Sync 1 DAGs
[2026-03-13T03:16:19.043+0000] {logging_mixin.py:188} INFO - [2026-03-13T03:16:19.043+0000] {dag.py:3823} INFO - Setting next_dagrun for aqi_data_pipeline to 2026-03-13 03:00:00+00:00, run_after=2026-03-13 04:00:00+00:00
[2026-03-13T03:16:19.064+0000] {processor.py:183} INFO - Processing /opt/airflow/dags/aqi_pipeline.py took 0.101 seconds
[2026-03-13T03:16:49.953+0000] {processor.py:161} INFO - Started process (PID=364) to work on /opt/airflow/dags/aqi_pipeline.py
[2026-03-13T03:16:49.954+0000] {processor.py:830} INFO - Processing file /opt/airflow/dags/aqi_pipeline.py for tasks to queue
[2026-03-13T03:16:49.955+0000] {logging_mixin.py:188} INFO - [2026-03-13T03:16:49.955+0000] {dagbag.py:538} INFO - Filling up the DagBag from /opt/airflow/dags/aqi_pipeline.py
[2026-03-13T03:16:49.990+0000] {processor.py:840} INFO - DAG(s) 'aqi_data_pipeline' retrieved from /opt/airflow/dags/aqi_pipeline.py
[2026-03-13T03:16:50.017+0000] {logging_mixin.py:188} INFO - [2026-03-13T03:16:50.017+0000] {dag.py:3036} INFO - Sync 1 DAGs
[2026-03-13T03:16:50.041+0000] {logging_mixin.py:188} INFO - [2026-03-13T03:16:50.041+0000] {dag.py:3823} INFO - Setting next_dagrun for aqi_data_pipeline to 2026-03-13 03:00:00+00:00, run_after=2026-03-13 04:00:00+00:00
[2026-03-13T03:16:50.061+0000] {processor.py:183} INFO - Processing /opt/airflow/dags/aqi_pipeline.py took 0.112 seconds
[2026-03-13T03:17:20.838+0000] {processor.py:161} INFO - Started process (PID=369) to work on /opt/airflow/dags/aqi_pipeline.py
[2026-03-13T03:17:20.839+0000] {processor.py:830} INFO - Processing file /opt/airflow/dags/aqi_pipeline.py for tasks to queue
[2026-03-13T03:17:20.840+0000] {logging_mixin.py:188} INFO - [2026-03-13T03:17:20.840+0000] {dagbag.py:538} INFO - Filling up the DagBag from /opt/airflow/dags/aqi_pipeline.py
[2026-03-13T03:17:20.876+0000] {processor.py:840} INFO - DAG(s) 'aqi_data_pipeline' retrieved from /opt/airflow/dags/aqi_pipeline.py
[2026-03-13T03:17:20.902+0000] {logging_mixin.py:188} INFO - [2026-03-13T03:17:20.902+0000] {dag.py:3036} INFO - Sync 1 DAGs
[2026-03-13T03:17:20.925+0000] {logging_mixin.py:188} INFO - [2026-03-13T03:17:20.925+0000] {dag.py:3823} INFO - Setting next_dagrun for aqi_data_pipeline to 2026-03-13 03:00:00+00:00, run_after=2026-03-13 04:00:00+00:00
[2026-03-13T03:17:20.946+0000] {processor.py:183} INFO - Processing /opt/airflow/dags/aqi_pipeline.py took 0.113 seconds
[2026-03-13T03:17:51.274+0000] {processor.py:161} INFO - Started process (PID=374) to work on /opt/airflow/dags/aqi_pipeline.py
[2026-03-13T03:17:51.275+0000] {processor.py:830} INFO - Processing file /opt/airflow/dags/aqi_pipeline.py for tasks to queue
[2026-03-13T03:17:51.276+0000] {logging_mixin.py:188} INFO - [2026-03-13T03:17:51.275+0000] {dagbag.py:538} INFO - Filling up the DagBag from /opt/airflow/dags/aqi_pipeline.py
[2026-03-13T03:17:51.307+0000] {processor.py:840} INFO - DAG(s) 'aqi_data_pipeline' retrieved from /opt/airflow/dags/aqi_pipeline.py
[2026-03-13T03:17:51.333+0000] {logging_mixin.py:188} INFO - [2026-03-13T03:17:51.333+0000] {dag.py:3036} INFO - Sync 1 DAGs
[2026-03-13T03:17:51.359+0000] {logging_mixin.py:188} INFO - [2026-03-13T03:17:51.359+0000] {dag.py:3823} INFO - Setting next_dagrun for aqi_data_pipeline to 2026-03-13 03:00:00+00:00, run_after=2026-03-13 04:00:00+00:00
[2026-03-13T03:17:51.379+0000] {processor.py:183} INFO - Processing /opt/airflow/dags/aqi_pipeline.py took 0.109 seconds
[2026-03-13T03:18:21.558+0000] {processor.py:161} INFO - Started process (PID=379) to work on /opt/airflow/dags/aqi_pipeline.py
[2026-03-13T03:18:21.559+0000] {processor.py:830} INFO - Processing file /opt/airflow/dags/aqi_pipeline.py for tasks to queue
[2026-03-13T03:18:21.560+0000] {logging_mixin.py:188} INFO - [2026-03-13T03:18:21.560+0000] {dagbag.py:538} INFO - Filling up the DagBag from /opt/airflow/dags/aqi_pipeline.py
[2026-03-13T03:18:21.596+0000] {processor.py:840} INFO - DAG(s) 'aqi_data_pipeline' retrieved from /opt/airflow/dags/aqi_pipeline.py
[2026-03-13T03:18:21.623+0000] {logging_mixin.py:188} INFO - [2026-03-13T03:18:21.623+0000] {dag.py:3036} INFO - Sync 1 DAGs
[2026-03-13T03:18:21.647+0000] {logging_mixin.py:188} INFO - [2026-03-13T03:18:21.647+0000] {dag.py:3823} INFO - Setting next_dagrun for aqi_data_pipeline to 2026-03-13 03:00:00+00:00, run_after=2026-03-13 04:00:00+00:00
[2026-03-13T03:18:21.669+0000] {processor.py:183} INFO - Processing /opt/airflow/dags/aqi_pipeline.py took 0.114 seconds
[2026-03-13T03:18:52.673+0000] {processor.py:161} INFO - Started process (PID=384) to work on /opt/airflow/dags/aqi_pipeline.py
[2026-03-13T03:18:52.675+0000] {processor.py:830} INFO - Processing file /opt/airflow/dags/aqi_pipeline.py for tasks to queue
[2026-03-13T03:18:52.676+0000] {logging_mixin.py:188} INFO - [2026-03-13T03:18:52.675+0000] {dagbag.py:538} INFO - Filling up the DagBag from /opt/airflow/dags/aqi_pipeline.py
[2026-03-13T03:18:52.712+0000] {processor.py:840} INFO - DAG(s) 'aqi_data_pipeline' retrieved from /opt/airflow/dags/aqi_pipeline.py
[2026-03-13T03:18:52.740+0000] {logging_mixin.py:188} INFO - [2026-03-13T03:18:52.740+0000] {dag.py:3036} INFO - Sync 1 DAGs
[2026-03-13T03:18:52.764+0000] {logging_mixin.py:188} INFO - [2026-03-13T03:18:52.764+0000] {dag.py:3823} INFO - Setting next_dagrun for aqi_data_pipeline to 2026-03-13 03:00:00+00:00, run_after=2026-03-13 04:00:00+00:00
[2026-03-13T03:18:52.785+0000] {processor.py:183} INFO - Processing /opt/airflow/dags/aqi_pipeline.py took 0.115 seconds
[2026-03-13T03:19:23.554+0000] {processor.py:161} INFO - Started process (PID=389) to work on /opt/airflow/dags/aqi_pipeline.py
[2026-03-13T03:19:23.555+0000] {processor.py:830} INFO - Processing file /opt/airflow/dags/aqi_pipeline.py for tasks to queue
[2026-03-13T03:19:23.556+0000] {logging_mixin.py:188} INFO - [2026-03-13T03:19:23.556+0000] {dagbag.py:538} INFO - Filling up the DagBag from /opt/airflow/dags/aqi_pipeline.py
[2026-03-13T03:19:23.587+0000] {processor.py:840} INFO - DAG(s) 'aqi_data_pipeline' retrieved from /opt/airflow/dags/aqi_pipeline.py
[2026-03-13T03:19:23.612+0000] {logging_mixin.py:188} INFO - [2026-03-13T03:19:23.611+0000] {dag.py:3036} INFO - Sync 1 DAGs
[2026-03-13T03:19:23.633+0000] {logging_mixin.py:188} INFO - [2026-03-13T03:19:23.633+0000] {dag.py:3823} INFO - Setting next_dagrun for aqi_data_pipeline to 2026-03-13 03:00:00+00:00, run_after=2026-03-13 04:00:00+00:00
[2026-03-13T03:19:23.652+0000] {processor.py:183} INFO - Processing /opt/airflow/dags/aqi_pipeline.py took 0.102 seconds
[2026-03-13T03:19:54.508+0000] {processor.py:161} INFO - Started process (PID=394) to work on /opt/airflow/dags/aqi_pipeline.py
[2026-03-13T03:19:54.509+0000] {processor.py:830} INFO - Processing file /opt/airflow/dags/aqi_pipeline.py for tasks to queue
[2026-03-13T03:19:54.510+0000] {logging_mixin.py:188} INFO - [2026-03-13T03:19:54.510+0000] {dagbag.py:538} INFO - Filling up the DagBag from /opt/airflow/dags/aqi_pipeline.py
[2026-03-13T03:19:54.554+0000] {processor.py:840} INFO - DAG(s) 'aqi_data_pipeline' retrieved from /opt/airflow/dags/aqi_pipeline.py
[2026-03-13T03:19:54.580+0000] {logging_mixin.py:188} INFO - [2026-03-13T03:19:54.580+0000] {dag.py:3036} INFO - Sync 1 DAGs
[2026-03-13T03:19:54.605+0000] {logging_mixin.py:188} INFO - [2026-03-13T03:19:54.604+0000] {dag.py:3823} INFO - Setting next_dagrun for aqi_data_pipeline to 2026-03-13 03:00:00+00:00, run_after=2026-03-13 04:00:00+00:00
[2026-03-13T03:19:54.625+0000] {processor.py:183} INFO - Processing /opt/airflow/dags/aqi_pipeline.py took 0.121 seconds
[2026-03-13T03:20:24.780+0000] {processor.py:161} INFO - Started process (PID=399) to work on /opt/airflow/dags/aqi_pipeline.py
[2026-03-13T03:20:24.781+0000] {processor.py:830} INFO - Processing file /opt/airflow/dags/aqi_pipeline.py for tasks to queue
[2026-03-13T03:20:24.782+0000] {logging_mixin.py:188} INFO - [2026-03-13T03:20:24.782+0000] {dagbag.py:538} INFO - Filling up the DagBag from /opt/airflow/dags/aqi_pipeline.py
[2026-03-13T03:20:24.815+0000] {processor.py:840} INFO - DAG(s) 'aqi_data_pipeline' retrieved from /opt/airflow/dags/aqi_pipeline.py
[2026-03-13T03:20:24.842+0000] {logging_mixin.py:188} INFO - [2026-03-13T03:20:24.841+0000] {dag.py:3036} INFO - Sync 1 DAGs
[2026-03-13T03:20:24.867+0000] {logging_mixin.py:188} INFO - [2026-03-13T03:20:24.866+0000] {dag.py:3823} INFO - Setting next_dagrun for aqi_data_pipeline to 2026-03-13 03:00:00+00:00, run_after=2026-03-13 04:00:00+00:00
[2026-03-13T03:20:24.888+0000] {processor.py:183} INFO - Processing /opt/airflow/dags/aqi_pipeline.py took 0.111 seconds
[2026-03-13T03:20:55.744+0000] {processor.py:161} INFO - Started process (PID=404) to work on /opt/airflow/dags/aqi_pipeline.py
[2026-03-13T03:20:55.745+0000] {processor.py:830} INFO - Processing file /opt/airflow/dags/aqi_pipeline.py for tasks to queue
[2026-03-13T03:20:55.746+0000] {logging_mixin.py:188} INFO - [2026-03-13T03:20:55.746+0000] {dagbag.py:538} INFO - Filling up the DagBag from /opt/airflow/dags/aqi_pipeline.py
[2026-03-13T03:20:55.783+0000] {processor.py:840} INFO - DAG(s) 'aqi_data_pipeline' retrieved from /opt/airflow/dags/aqi_pipeline.py
[2026-03-13T03:20:55.812+0000] {logging_mixin.py:188} INFO - [2026-03-13T03:20:55.812+0000] {dag.py:3036} INFO - Sync 1 DAGs
[2026-03-13T03:20:55.837+0000] {logging_mixin.py:188} INFO - [2026-03-13T03:20:55.837+0000] {dag.py:3823} INFO - Setting next_dagrun for aqi_data_pipeline to 2026-03-13 03:00:00+00:00, run_after=2026-03-13 04:00:00+00:00
[2026-03-13T03:20:55.858+0000] {processor.py:183} INFO - Processing /opt/airflow/dags/aqi_pipeline.py took 0.117 seconds
[2026-03-13T03:21:26.628+0000] {processor.py:161} INFO - Started process (PID=409) to work on /opt/airflow/dags/aqi_pipeline.py
[2026-03-13T03:21:26.629+0000] {processor.py:830} INFO - Processing file /opt/airflow/dags/aqi_pipeline.py for tasks to queue
[2026-03-13T03:21:26.630+0000] {logging_mixin.py:188} INFO - [2026-03-13T03:21:26.630+0000] {dagbag.py:538} INFO - Filling up the DagBag from /opt/airflow/dags/aqi_pipeline.py
[2026-03-13T03:21:26.666+0000] {processor.py:840} INFO - DAG(s) 'aqi_data_pipeline' retrieved from /opt/airflow/dags/aqi_pipeline.py
[2026-03-13T03:21:26.693+0000] {logging_mixin.py:188} INFO - [2026-03-13T03:21:26.693+0000] {dag.py:3036} INFO - Sync 1 DAGs
[2026-03-13T03:21:26.717+0000] {logging_mixin.py:188} INFO - [2026-03-13T03:21:26.717+0000] {dag.py:3823} INFO - Setting next_dagrun for aqi_data_pipeline to 2026-03-13 03:00:00+00:00, run_after=2026-03-13 04:00:00+00:00
[2026-03-13T03:21:26.737+0000] {processor.py:183} INFO - Processing /opt/airflow/dags/aqi_pipeline.py took 0.112 seconds
[2026-03-13T03:21:57.013+0000] {processor.py:161} INFO - Started process (PID=414) to work on /opt/airflow/dags/aqi_pipeline.py
[2026-03-13T03:21:57.014+0000] {processor.py:830} INFO - Processing file /opt/airflow/dags/aqi_pipeline.py for tasks to queue
[2026-03-13T03:21:57.015+0000] {logging_mixin.py:188} INFO - [2026-03-13T03:21:57.015+0000] {dagbag.py:538} INFO - Filling up the DagBag from /opt/airflow/dags/aqi_pipeline.py
[2026-03-13T03:21:57.050+0000] {processor.py:840} INFO - DAG(s) 'aqi_data_pipeline' retrieved from /opt/airflow/dags/aqi_pipeline.py
[2026-03-13T03:21:57.078+0000] {logging_mixin.py:188} INFO - [2026-03-13T03:21:57.078+0000] {dag.py:3036} INFO - Sync 1 DAGs
[2026-03-13T03:21:57.101+0000] {logging_mixin.py:188} INFO - [2026-03-13T03:21:57.101+0000] {dag.py:3823} INFO - Setting next_dagrun for aqi_data_pipeline to 2026-03-13 03:00:00+00:00, run_after=2026-03-13 04:00:00+00:00
[2026-03-13T03:21:57.121+0000] {processor.py:183} INFO - Processing /opt/airflow/dags/aqi_pipeline.py took 0.111 seconds
[2026-03-13T03:22:27.279+0000] {processor.py:161} INFO - Started process (PID=419) to work on /opt/airflow/dags/aqi_pipeline.py
[2026-03-13T03:22:27.280+0000] {processor.py:830} INFO - Processing file /opt/airflow/dags/aqi_pipeline.py for tasks to queue
[2026-03-13T03:22:27.281+0000] {logging_mixin.py:188} INFO - [2026-03-13T03:22:27.281+0000] {dagbag.py:538} INFO - Filling up the DagBag from /opt/airflow/dags/aqi_pipeline.py
[2026-03-13T03:22:27.314+0000] {processor.py:840} INFO - DAG(s) 'aqi_data_pipeline' retrieved from /opt/airflow/dags/aqi_pipeline.py
[2026-03-13T03:22:27.343+0000] {logging_mixin.py:188} INFO - [2026-03-13T03:22:27.342+0000] {dag.py:3036} INFO - Sync 1 DAGs
[2026-03-13T03:22:27.368+0000] {logging_mixin.py:188} INFO - [2026-03-13T03:22:27.368+0000] {dag.py:3823} INFO - Setting next_dagrun for aqi_data_pipeline to 2026-03-13 03:00:00+00:00, run_after=2026-03-13 04:00:00+00:00
[2026-03-13T03:22:27.388+0000] {processor.py:183} INFO - Processing /opt/airflow/dags/aqi_pipeline.py took 0.113 seconds
[2026-03-13T03:22:58.454+0000] {processor.py:161} INFO - Started process (PID=424) to work on /opt/airflow/dags/aqi_pipeline.py
[2026-03-13T03:22:58.455+0000] {processor.py:830} INFO - Processing file /opt/airflow/dags/aqi_pipeline.py for tasks to queue
[2026-03-13T03:22:58.456+0000] {logging_mixin.py:188} INFO - [2026-03-13T03:22:58.455+0000] {dagbag.py:538} INFO - Filling up the DagBag from /opt/airflow/dags/aqi_pipeline.py
[2026-03-13T03:22:58.488+0000] {processor.py:840} INFO - DAG(s) 'aqi_data_pipeline' retrieved from /opt/airflow/dags/aqi_pipeline.py
[2026-03-13T03:22:58.514+0000] {logging_mixin.py:188} INFO - [2026-03-13T03:22:58.514+0000] {dag.py:3036} INFO - Sync 1 DAGs
[2026-03-13T03:22:58.537+0000] {logging_mixin.py:188} INFO - [2026-03-13T03:22:58.537+0000] {dag.py:3823} INFO - Setting next_dagrun for aqi_data_pipeline to 2026-03-13 03:00:00+00:00, run_after=2026-03-13 04:00:00+00:00
[2026-03-13T03:22:58.558+0000] {processor.py:183} INFO - Processing /opt/airflow/dags/aqi_pipeline.py took 0.107 seconds
[2026-03-13T03:23:29.318+0000] {processor.py:161} INFO - Started process (PID=429) to work on /opt/airflow/dags/aqi_pipeline.py
[2026-03-13T03:23:29.319+0000] {processor.py:830} INFO - Processing file /opt/airflow/dags/aqi_pipeline.py for tasks to queue
[2026-03-13T03:23:29.320+0000] {logging_mixin.py:188} INFO - [2026-03-13T03:23:29.320+0000] {dagbag.py:538} INFO - Filling up the DagBag from /opt/airflow/dags/aqi_pipeline.py
[2026-03-13T03:23:29.353+0000] {processor.py:840} INFO - DAG(s) 'aqi_data_pipeline' retrieved from /opt/airflow/dags/aqi_pipeline.py
[2026-03-13T03:23:29.381+0000] {logging_mixin.py:188} INFO - [2026-03-13T03:23:29.381+0000] {dag.py:3036} INFO - Sync 1 DAGs
[2026-03-13T03:23:29.405+0000] {logging_mixin.py:188} INFO - [2026-03-13T03:23:29.405+0000] {dag.py:3823} INFO - Setting next_dagrun for aqi_data_pipeline to 2026-03-13 03:00:00+00:00, run_after=2026-03-13 04:00:00+00:00
[2026-03-13T03:23:29.433+0000] {processor.py:183} INFO - Processing /opt/airflow/dags/aqi_pipeline.py took 0.119 seconds
[2026-03-13T03:23:59.790+0000] {processor.py:161} INFO - Started process (PID=434) to work on /opt/airflow/dags/aqi_pipeline.py
[2026-03-13T03:23:59.791+0000] {processor.py:830} INFO - Processing file /opt/airflow/dags/aqi_pipeline.py for tasks to queue
[2026-03-13T03:23:59.792+0000] {logging_mixin.py:188} INFO - [2026-03-13T03:23:59.792+0000] {dagbag.py:538} INFO - Filling up the DagBag from /opt/airflow/dags/aqi_pipeline.py
[2026-03-13T03:23:59.825+0000] {processor.py:840} INFO - DAG(s) 'aqi_data_pipeline' retrieved from /opt/airflow/dags/aqi_pipeline.py
[2026-03-13T03:23:59.852+0000] {logging_mixin.py:188} INFO - [2026-03-13T03:23:59.852+0000] {dag.py:3036} INFO - Sync 1 DAGs
[2026-03-13T03:23:59.877+0000] {logging_mixin.py:188} INFO - [2026-03-13T03:23:59.876+0000] {dag.py:3823} INFO - Setting next_dagrun for aqi_data_pipeline to 2026-03-13 03:00:00+00:00, run_after=2026-03-13 04:00:00+00:00
[2026-03-13T03:23:59.898+0000] {processor.py:183} INFO - Processing /opt/airflow/dags/aqi_pipeline.py took 0.111 seconds
[2026-03-13T03:24:30.021+0000] {processor.py:161} INFO - Started process (PID=439) to work on /opt/airflow/dags/aqi_pipeline.py
[2026-03-13T03:24:30.023+0000] {processor.py:830} INFO - Processing file /opt/airflow/dags/aqi_pipeline.py for tasks to queue
[2026-03-13T03:24:30.024+0000] {logging_mixin.py:188} INFO - [2026-03-13T03:24:30.023+0000] {dagbag.py:538} INFO - Filling up the DagBag from /opt/airflow/dags/aqi_pipeline.py
[2026-03-13T03:24:30.057+0000] {processor.py:840} INFO - DAG(s) 'aqi_data_pipeline' retrieved from /opt/airflow/dags/aqi_pipeline.py
[2026-03-13T03:24:30.085+0000] {logging_mixin.py:188} INFO - [2026-03-13T03:24:30.085+0000] {dag.py:3036} INFO - Sync 1 DAGs
[2026-03-13T03:24:30.109+0000] {logging_mixin.py:188} INFO - [2026-03-13T03:24:30.109+0000] {dag.py:3823} INFO - Setting next_dagrun for aqi_data_pipeline to 2026-03-13 03:00:00+00:00, run_after=2026-03-13 04:00:00+00:00
[2026-03-13T03:24:30.129+0000] {processor.py:183} INFO - Processing /opt/airflow/dags/aqi_pipeline.py took 0.111 seconds
[2026-03-13T03:25:01.068+0000] {processor.py:161} INFO - Started process (PID=444) to work on /opt/airflow/dags/aqi_pipeline.py
[2026-03-13T03:25:01.069+0000] {processor.py:830} INFO - Processing file /opt/airflow/dags/aqi_pipeline.py for tasks to queue
[2026-03-13T03:25:01.070+0000] {logging_mixin.py:188} INFO - [2026-03-13T03:25:01.070+0000] {dagbag.py:538} INFO - Filling up the DagBag from /opt/airflow/dags/aqi_pipeline.py
[2026-03-13T03:25:01.104+0000] {processor.py:840} INFO - DAG(s) 'aqi_data_pipeline' retrieved from /opt/airflow/dags/aqi_pipeline.py
[2026-03-13T03:25:01.131+0000] {logging_mixin.py:188} INFO - [2026-03-13T03:25:01.131+0000] {dag.py:3036} INFO - Sync 1 DAGs
[2026-03-13T03:25:01.155+0000] {logging_mixin.py:188} INFO - [2026-03-13T03:25:01.154+0000] {dag.py:3823} INFO - Setting next_dagrun for aqi_data_pipeline to 2026-03-13 03:00:00+00:00, run_after=2026-03-13 04:00:00+00:00
[2026-03-13T03:25:01.174+0000] {processor.py:183} INFO - Processing /opt/airflow/dags/aqi_pipeline.py took 0.109 seconds
[2026-03-13T03:25:31.930+0000] {processor.py:161} INFO - Started process (PID=449) to work on /opt/airflow/dags/aqi_pipeline.py
[2026-03-13T03:25:31.931+0000] {processor.py:830} INFO - Processing file /opt/airflow/dags/aqi_pipeline.py for tasks to queue
[2026-03-13T03:25:31.932+0000] {logging_mixin.py:188} INFO - [2026-03-13T03:25:31.932+0000] {dagbag.py:538} INFO - Filling up the DagBag from /opt/airflow/dags/aqi_pipeline.py
[2026-03-13T03:25:31.964+0000] {processor.py:840} INFO - DAG(s) 'aqi_data_pipeline' retrieved from /opt/airflow/dags/aqi_pipeline.py
[2026-03-13T03:25:31.988+0000] {logging_mixin.py:188} INFO - [2026-03-13T03:25:31.988+0000] {dag.py:3036} INFO - Sync 1 DAGs
[2026-03-13T03:25:32.010+0000] {logging_mixin.py:188} INFO - [2026-03-13T03:25:32.009+0000] {dag.py:3823} INFO - Setting next_dagrun for aqi_data_pipeline to 2026-03-13 03:00:00+00:00, run_after=2026-03-13 04:00:00+00:00
[2026-03-13T03:25:32.029+0000] {processor.py:183} INFO - Processing /opt/airflow/dags/aqi_pipeline.py took 0.102 seconds
[2026-03-13T03:26:02.931+0000] {processor.py:161} INFO - Started process (PID=454) to work on /opt/airflow/dags/aqi_pipeline.py
[2026-03-13T03:26:02.932+0000] {processor.py:830} INFO - Processing file /opt/airflow/dags/aqi_pipeline.py for tasks to queue
[2026-03-13T03:26:02.933+0000] {logging_mixin.py:188} INFO - [2026-03-13T03:26:02.933+0000] {dagbag.py:538} INFO - Filling up the DagBag from /opt/airflow/dags/aqi_pipeline.py
[2026-03-13T03:26:02.962+0000] {processor.py:840} INFO - DAG(s) 'aqi_data_pipeline' retrieved from /opt/airflow/dags/aqi_pipeline.py
[2026-03-13T03:26:02.987+0000] {logging_mixin.py:188} INFO - [2026-03-13T03:26:02.987+0000] {dag.py:3036} INFO - Sync 1 DAGs
[2026-03-13T03:26:03.009+0000] {logging_mixin.py:188} INFO - [2026-03-13T03:26:03.009+0000] {dag.py:3823} INFO - Setting next_dagrun for aqi_data_pipeline to 2026-03-13 03:00:00+00:00, run_after=2026-03-13 04:00:00+00:00
[2026-03-13T03:26:03.028+0000] {processor.py:183} INFO - Processing /opt/airflow/dags/aqi_pipeline.py took 0.100 seconds
[2026-03-13T03:26:33.934+0000] {processor.py:161} INFO - Started process (PID=459) to work on /opt/airflow/dags/aqi_pipeline.py
[2026-03-13T03:26:33.935+0000] {processor.py:830} INFO - Processing file /opt/airflow/dags/aqi_pipeline.py for tasks to queue
[2026-03-13T03:26:33.936+0000] {logging_mixin.py:188} INFO - [2026-03-13T03:26:33.936+0000] {dagbag.py:538} INFO - Filling up the DagBag from /opt/airflow/dags/aqi_pipeline.py
[2026-03-13T03:26:33.969+0000] {processor.py:840} INFO - DAG(s) 'aqi_data_pipeline' retrieved from /opt/airflow/dags/aqi_pipeline.py
[2026-03-13T03:26:34.001+0000] {logging_mixin.py:188} INFO - [2026-03-13T03:26:34.001+0000] {dag.py:3036} INFO - Sync 1 DAGs
[2026-03-13T03:26:34.025+0000] {logging_mixin.py:188} INFO - [2026-03-13T03:26:34.024+0000] {dag.py:3823} INFO - Setting next_dagrun for aqi_data_pipeline to 2026-03-13 03:00:00+00:00, run_after=2026-03-13 04:00:00+00:00
[2026-03-13T03:26:34.045+0000] {processor.py:183} INFO - Processing /opt/airflow/dags/aqi_pipeline.py took 0.114 seconds
[2026-03-13T03:27:04.873+0000] {processor.py:161} INFO - Started process (PID=464) to work on /opt/airflow/dags/aqi_pipeline.py
[2026-03-13T03:27:04.874+0000] {processor.py:830} INFO - Processing file /opt/airflow/dags/aqi_pipeline.py for tasks to queue
[2026-03-13T03:27:04.875+0000] {logging_mixin.py:188} INFO - [2026-03-13T03:27:04.874+0000] {dagbag.py:538} INFO - Filling up the DagBag from /opt/airflow/dags/aqi_pipeline.py
[2026-03-13T03:27:04.907+0000] {processor.py:840} INFO - DAG(s) 'aqi_data_pipeline' retrieved from /opt/airflow/dags/aqi_pipeline.py
[2026-03-13T03:27:04.936+0000] {logging_mixin.py:188} INFO - [2026-03-13T03:27:04.935+0000] {dag.py:3036} INFO - Sync 1 DAGs
[2026-03-13T03:27:04.960+0000] {logging_mixin.py:188} INFO - [2026-03-13T03:27:04.960+0000] {dag.py:3823} INFO - Setting next_dagrun for aqi_data_pipeline to 2026-03-13 03:00:00+00:00, run_after=2026-03-13 04:00:00+00:00
[2026-03-13T03:27:04.980+0000] {processor.py:183} INFO - Processing /opt/airflow/dags/aqi_pipeline.py took 0.111 seconds
[2026-03-13T03:27:35.697+0000] {processor.py:161} INFO - Started process (PID=469) to work on /opt/airflow/dags/aqi_pipeline.py
[2026-03-13T03:27:35.699+0000] {processor.py:830} INFO - Processing file /opt/airflow/dags/aqi_pipeline.py for tasks to queue
[2026-03-13T03:27:35.700+0000] {logging_mixin.py:188} INFO - [2026-03-13T03:27:35.699+0000] {dagbag.py:538} INFO - Filling up the DagBag from /opt/airflow/dags/aqi_pipeline.py
[2026-03-13T03:27:35.734+0000] {processor.py:840} INFO - DAG(s) 'aqi_data_pipeline' retrieved from /opt/airflow/dags/aqi_pipeline.py
[2026-03-13T03:27:35.762+0000] {logging_mixin.py:188} INFO - [2026-03-13T03:27:35.762+0000] {dag.py:3036} INFO - Sync 1 DAGs
[2026-03-13T03:27:35.787+0000] {logging_mixin.py:188} INFO - [2026-03-13T03:27:35.787+0000] {dag.py:3823} INFO - Setting next_dagrun for aqi_data_pipeline to 2026-03-13 03:00:00+00:00, run_after=2026-03-13 04:00:00+00:00
[2026-03-13T03:27:35.809+0000] {processor.py:183} INFO - Processing /opt/airflow/dags/aqi_pipeline.py took 0.115 seconds
[2026-03-13T03:28:05.965+0000] {processor.py:161} INFO - Started process (PID=474) to work on /opt/airflow/dags/aqi_pipeline.py
[2026-03-13T03:28:05.966+0000] {processor.py:830} INFO - Processing file /opt/airflow/dags/aqi_pipeline.py for tasks to queue
[2026-03-13T03:28:05.967+0000] {logging_mixin.py:188} INFO - [2026-03-13T03:28:05.967+0000] {dagbag.py:538} INFO - Filling up the DagBag from /opt/airflow/dags/aqi_pipeline.py
[2026-03-13T03:28:06.002+0000] {processor.py:840} INFO - DAG(s) 'aqi_data_pipeline' retrieved from /opt/airflow/dags/aqi_pipeline.py
[2026-03-13T03:28:06.030+0000] {logging_mixin.py:188} INFO - [2026-03-13T03:28:06.030+0000] {dag.py:3036} INFO - Sync 1 DAGs
[2026-03-13T03:28:06.054+0000] {logging_mixin.py:188} INFO - [2026-03-13T03:28:06.054+0000] {dag.py:3823} INFO - Setting next_dagrun for aqi_data_pipeline to 2026-03-13 03:00:00+00:00, run_after=2026-03-13 04:00:00+00:00
[2026-03-13T03:28:06.075+0000] {processor.py:183} INFO - Processing /opt/airflow/dags/aqi_pipeline.py took 0.113 seconds
[2026-03-13T03:28:36.183+0000] {processor.py:161} INFO - Started process (PID=479) to work on /opt/airflow/dags/aqi_pipeline.py
[2026-03-13T03:28:36.184+0000] {processor.py:830} INFO - Processing file /opt/airflow/dags/aqi_pipeline.py for tasks to queue
[2026-03-13T03:28:36.185+0000] {logging_mixin.py:188} INFO - [2026-03-13T03:28:36.185+0000] {dagbag.py:538} INFO - Filling up the DagBag from /opt/airflow/dags/aqi_pipeline.py
[2026-03-13T03:28:36.219+0000] {processor.py:840} INFO - DAG(s) 'aqi_data_pipeline' retrieved from /opt/airflow/dags/aqi_pipeline.py
[2026-03-13T03:28:36.246+0000] {logging_mixin.py:188} INFO - [2026-03-13T03:28:36.246+0000] {dag.py:3036} INFO - Sync 1 DAGs
[2026-03-13T03:28:36.269+0000] {logging_mixin.py:188} INFO - [2026-03-13T03:28:36.269+0000] {dag.py:3823} INFO - Setting next_dagrun for aqi_data_pipeline to 2026-03-13 03:00:00+00:00, run_after=2026-03-13 04:00:00+00:00
[2026-03-13T03:28:36.289+0000] {processor.py:183} INFO - Processing /opt/airflow/dags/aqi_pipeline.py took 0.110 seconds
[2026-03-13T03:29:07.180+0000] {processor.py:161} INFO - Started process (PID=484) to work on /opt/airflow/dags/aqi_pipeline.py
[2026-03-13T03:29:07.181+0000] {processor.py:830} INFO - Processing file /opt/airflow/dags/aqi_pipeline.py for tasks to queue
[2026-03-13T03:29:07.182+0000] {logging_mixin.py:188} INFO - [2026-03-13T03:29:07.181+0000] {dagbag.py:538} INFO - Filling up the DagBag from /opt/airflow/dags/aqi_pipeline.py
[2026-03-13T03:29:07.216+0000] {processor.py:840} INFO - DAG(s) 'aqi_data_pipeline' retrieved from /opt/airflow/dags/aqi_pipeline.py
[2026-03-13T03:29:07.245+0000] {logging_mixin.py:188} INFO - [2026-03-13T03:29:07.245+0000] {dag.py:3036} INFO - Sync 1 DAGs
[2026-03-13T03:29:07.269+0000] {logging_mixin.py:188} INFO - [2026-03-13T03:29:07.269+0000] {dag.py:3823} INFO - Setting next_dagrun for aqi_data_pipeline to 2026-03-13 03:00:00+00:00, run_after=2026-03-13 04:00:00+00:00
[2026-03-13T03:29:07.290+0000] {processor.py:183} INFO - Processing /opt/airflow/dags/aqi_pipeline.py took 0.114 seconds
[2026-03-13T03:29:38.075+0000] {processor.py:161} INFO - Started process (PID=489) to work on /opt/airflow/dags/aqi_pipeline.py
[2026-03-13T03:29:38.076+0000] {processor.py:830} INFO - Processing file /opt/airflow/dags/aqi_pipeline.py for tasks to queue
[2026-03-13T03:29:38.077+0000] {logging_mixin.py:188} INFO - [2026-03-13T03:29:38.077+0000] {dagbag.py:538} INFO - Filling up the DagBag from /opt/airflow/dags/aqi_pipeline.py
[2026-03-13T03:29:38.113+0000] {processor.py:840} INFO - DAG(s) 'aqi_data_pipeline' retrieved from /opt/airflow/dags/aqi_pipeline.py
[2026-03-13T03:29:38.139+0000] {logging_mixin.py:188} INFO - [2026-03-13T03:29:38.139+0000] {dag.py:3036} INFO - Sync 1 DAGs
[2026-03-13T03:29:38.163+0000] {logging_mixin.py:188} INFO - [2026-03-13T03:29:38.163+0000] {dag.py:3823} INFO - Setting next_dagrun for aqi_data_pipeline to 2026-03-13 03:00:00+00:00, run_after=2026-03-13 04:00:00+00:00
[2026-03-13T03:29:38.184+0000] {processor.py:183} INFO - Processing /opt/airflow/dags/aqi_pipeline.py took 0.112 seconds
[2026-03-13T03:30:08.511+0000] {processor.py:161} INFO - Started process (PID=494) to work on /opt/airflow/dags/aqi_pipeline.py
[2026-03-13T03:30:08.512+0000] {processor.py:830} INFO - Processing file /opt/airflow/dags/aqi_pipeline.py for tasks to queue
[2026-03-13T03:30:08.513+0000] {logging_mixin.py:188} INFO - [2026-03-13T03:30:08.513+0000] {dagbag.py:538} INFO - Filling up the DagBag from /opt/airflow/dags/aqi_pipeline.py
[2026-03-13T03:30:08.548+0000] {processor.py:840} INFO - DAG(s) 'aqi_data_pipeline' retrieved from /opt/airflow/dags/aqi_pipeline.py
[2026-03-13T03:30:08.574+0000] {logging_mixin.py:188} INFO - [2026-03-13T03:30:08.574+0000] {dag.py:3036} INFO - Sync 1 DAGs
[2026-03-13T03:30:08.598+0000] {logging_mixin.py:188} INFO - [2026-03-13T03:30:08.598+0000] {dag.py:3823} INFO - Setting next_dagrun for aqi_data_pipeline to 2026-03-13 03:00:00+00:00, run_after=2026-03-13 04:00:00+00:00
[2026-03-13T03:30:08.620+0000] {processor.py:183} INFO - Processing /opt/airflow/dags/aqi_pipeline.py took 0.113 seconds
[2026-03-13T03:30:38.759+0000] {processor.py:161} INFO - Started process (PID=499) to work on /opt/airflow/dags/aqi_pipeline.py
[2026-03-13T03:30:38.760+0000] {processor.py:830} INFO - Processing file /opt/airflow/dags/aqi_pipeline.py for tasks to queue
[2026-03-13T03:30:38.761+0000] {logging_mixin.py:188} INFO - [2026-03-13T03:30:38.761+0000] {dagbag.py:538} INFO - Filling up the DagBag from /opt/airflow/dags/aqi_pipeline.py
[2026-03-13T03:30:38.803+0000] {processor.py:840} INFO - DAG(s) 'aqi_data_pipeline' retrieved from /opt/airflow/dags/aqi_pipeline.py
[2026-03-13T03:30:38.835+0000] {logging_mixin.py:188} INFO - [2026-03-13T03:30:38.835+0000] {dag.py:3036} INFO - Sync 1 DAGs
[2026-03-13T03:30:38.860+0000] {logging_mixin.py:188} INFO - [2026-03-13T03:30:38.860+0000] {dag.py:3823} INFO - Setting next_dagrun for aqi_data_pipeline to 2026-03-13 03:00:00+00:00, run_after=2026-03-13 04:00:00+00:00
[2026-03-13T03:30:38.882+0000] {processor.py:183} INFO - Processing /opt/airflow/dags/aqi_pipeline.py took 0.127 seconds
[2026-03-13T03:31:09.699+0000] {processor.py:161} INFO - Started process (PID=504) to work on /opt/airflow/dags/aqi_pipeline.py
[2026-03-13T03:31:09.700+0000] {processor.py:830} INFO - Processing file /opt/airflow/dags/aqi_pipeline.py for tasks to queue
[2026-03-13T03:31:09.701+0000] {logging_mixin.py:188} INFO - [2026-03-13T03:31:09.701+0000] {dagbag.py:538} INFO - Filling up the DagBag from /opt/airflow/dags/aqi_pipeline.py
[2026-03-13T03:31:09.736+0000] {processor.py:840} INFO - DAG(s) 'aqi_data_pipeline' retrieved from /opt/airflow/dags/aqi_pipeline.py
[2026-03-13T03:31:09.764+0000] {logging_mixin.py:188} INFO - [2026-03-13T03:31:09.763+0000] {dag.py:3036} INFO - Sync 1 DAGs
[2026-03-13T03:31:09.788+0000] {logging_mixin.py:188} INFO - [2026-03-13T03:31:09.787+0000] {dag.py:3823} INFO - Setting next_dagrun for aqi_data_pipeline to 2026-03-13 03:00:00+00:00, run_after=2026-03-13 04:00:00+00:00
[2026-03-13T03:31:09.808+0000] {processor.py:183} INFO - Processing /opt/airflow/dags/aqi_pipeline.py took 0.113 seconds
[2026-03-13T03:31:40.449+0000] {processor.py:161} INFO - Started process (PID=509) to work on /opt/airflow/dags/aqi_pipeline.py
[2026-03-13T03:31:40.450+0000] {processor.py:830} INFO - Processing file /opt/airflow/dags/aqi_pipeline.py for tasks to queue
[2026-03-13T03:31:40.451+0000] {logging_mixin.py:188} INFO - [2026-03-13T03:31:40.451+0000] {dagbag.py:538} INFO - Filling up the DagBag from /opt/airflow/dags/aqi_pipeline.py
[2026-03-13T03:31:40.490+0000] {processor.py:840} INFO - DAG(s) 'aqi_data_pipeline' retrieved from /opt/airflow/dags/aqi_pipeline.py
[2026-03-13T03:31:40.521+0000] {logging_mixin.py:188} INFO - [2026-03-13T03:31:40.521+0000] {dag.py:3036} INFO - Sync 1 DAGs
[2026-03-13T03:31:40.548+0000] {logging_mixin.py:188} INFO - [2026-03-13T03:31:40.548+0000] {dag.py:3823} INFO - Setting next_dagrun for aqi_data_pipeline to 2026-03-13 03:00:00+00:00, run_after=2026-03-13 04:00:00+00:00
[2026-03-13T03:31:40.572+0000] {processor.py:183} INFO - Processing /opt/airflow/dags/aqi_pipeline.py took 0.127 seconds
[2026-03-13T03:32:10.826+0000] {processor.py:161} INFO - Started process (PID=514) to work on /opt/airflow/dags/aqi_pipeline.py
[2026-03-13T03:32:10.827+0000] {processor.py:830} INFO - Processing file /opt/airflow/dags/aqi_pipeline.py for tasks to queue
[2026-03-13T03:32:10.827+0000] {logging_mixin.py:188} INFO - [2026-03-13T03:32:10.827+0000] {dagbag.py:538} INFO - Filling up the DagBag from /opt/airflow/dags/aqi_pipeline.py
[2026-03-13T03:32:10.856+0000] {processor.py:840} INFO - DAG(s) 'aqi_data_pipeline' retrieved from /opt/airflow/dags/aqi_pipeline.py
[2026-03-13T03:32:10.882+0000] {logging_mixin.py:188} INFO - [2026-03-13T03:32:10.882+0000] {dag.py:3036} INFO - Sync 1 DAGs
[2026-03-13T03:32:10.904+0000] {logging_mixin.py:188} INFO - [2026-03-13T03:32:10.904+0000] {dag.py:3823} INFO - Setting next_dagrun for aqi_data_pipeline to 2026-03-13 03:00:00+00:00, run_after=2026-03-13 04:00:00+00:00
[2026-03-13T03:32:10.923+0000] {processor.py:183} INFO - Processing /opt/airflow/dags/aqi_pipeline.py took 0.101 seconds
[2026-03-13T03:32:42.918+0000] {processor.py:161} INFO - Started process (PID=519) to work on /opt/airflow/dags/aqi_pipeline.py
[2026-03-13T03:32:42.919+0000] {processor.py:830} INFO - Processing file /opt/airflow/dags/aqi_pipeline.py for tasks to queue
[2026-03-13T03:32:42.921+0000] {logging_mixin.py:188} INFO - [2026-03-13T03:32:42.920+0000] {dagbag.py:538} INFO - Filling up the DagBag from /opt/airflow/dags/aqi_pipeline.py
[2026-03-13T03:32:42.955+0000] {processor.py:840} INFO - DAG(s) 'aqi_data_pipeline' retrieved from /opt/airflow/dags/aqi_pipeline.py
[2026-03-13T03:32:42.982+0000] {logging_mixin.py:188} INFO - [2026-03-13T03:32:42.982+0000] {dag.py:3036} INFO - Sync 1 DAGs
[2026-03-13T03:32:43.006+0000] {logging_mixin.py:188} INFO - [2026-03-13T03:32:43.006+0000] {dag.py:3823} INFO - Setting next_dagrun for aqi_data_pipeline to 2026-03-13 03:00:00+00:00, run_after=2026-03-13 04:00:00+00:00
[2026-03-13T03:32:43.026+0000] {processor.py:183} INFO - Processing /opt/airflow/dags/aqi_pipeline.py took 0.111 seconds
[2026-03-13T03:33:13.821+0000] {processor.py:161} INFO - Started process (PID=524) to work on /opt/airflow/dags/aqi_pipeline.py
[2026-03-13T03:33:13.822+0000] {processor.py:830} INFO - Processing file /opt/airflow/dags/aqi_pipeline.py for tasks to queue
[2026-03-13T03:33:13.823+0000] {logging_mixin.py:188} INFO - [2026-03-13T03:33:13.823+0000] {dagbag.py:538} INFO - Filling up the DagBag from /opt/airflow/dags/aqi_pipeline.py
[2026-03-13T03:33:13.858+0000] {processor.py:840} INFO - DAG(s) 'aqi_data_pipeline' retrieved from /opt/airflow/dags/aqi_pipeline.py
[2026-03-13T03:33:13.886+0000] {logging_mixin.py:188} INFO - [2026-03-13T03:33:13.886+0000] {dag.py:3036} INFO - Sync 1 DAGs
[2026-03-13T03:33:13.911+0000] {logging_mixin.py:188} INFO - [2026-03-13T03:33:13.911+0000] {dag.py:3823} INFO - Setting next_dagrun for aqi_data_pipeline to 2026-03-13 03:00:00+00:00, run_after=2026-03-13 04:00:00+00:00
[2026-03-13T03:33:13.931+0000] {processor.py:183} INFO - Processing /opt/airflow/dags/aqi_pipeline.py took 0.114 seconds
[2026-03-13T03:33:44.689+0000] {processor.py:161} INFO - Started process (PID=529) to work on /opt/airflow/dags/aqi_pipeline.py
[2026-03-13T03:33:44.690+0000] {processor.py:830} INFO - Processing file /opt/airflow/dags/aqi_pipeline.py for tasks to queue
[2026-03-13T03:33:44.691+0000] {logging_mixin.py:188} INFO - [2026-03-13T03:33:44.691+0000] {dagbag.py:538} INFO - Filling up the DagBag from /opt/airflow/dags/aqi_pipeline.py
[2026-03-13T03:33:44.726+0000] {processor.py:840} INFO - DAG(s) 'aqi_data_pipeline' retrieved from /opt/airflow/dags/aqi_pipeline.py
[2026-03-13T03:33:44.753+0000] {logging_mixin.py:188} INFO - [2026-03-13T03:33:44.753+0000] {dag.py:3036} INFO - Sync 1 DAGs
[2026-03-13T03:33:44.778+0000] {logging_mixin.py:188} INFO - [2026-03-13T03:33:44.777+0000] {dag.py:3823} INFO - Setting next_dagrun for aqi_data_pipeline to 2026-03-13 03:00:00+00:00, run_after=2026-03-13 04:00:00+00:00
[2026-03-13T03:33:44.798+0000] {processor.py:183} INFO - Processing /opt/airflow/dags/aqi_pipeline.py took 0.112 seconds
[2026-03-13T03:34:15.086+0000] {processor.py:161} INFO - Started process (PID=534) to work on /opt/airflow/dags/aqi_pipeline.py
[2026-03-13T03:34:15.087+0000] {processor.py:830} INFO - Processing file /opt/airflow/dags/aqi_pipeline.py for tasks to queue
[2026-03-13T03:34:15.088+0000] {logging_mixin.py:188} INFO - [2026-03-13T03:34:15.088+0000] {dagbag.py:538} INFO - Filling up the DagBag from /opt/airflow/dags/aqi_pipeline.py
[2026-03-13T03:34:15.120+0000] {processor.py:840} INFO - DAG(s) 'aqi_data_pipeline' retrieved from /opt/airflow/dags/aqi_pipeline.py
[2026-03-13T03:34:15.147+0000] {logging_mixin.py:188} INFO - [2026-03-13T03:34:15.147+0000] {dag.py:3036} INFO - Sync 1 DAGs
[2026-03-13T03:34:15.170+0000] {logging_mixin.py:188} INFO - [2026-03-13T03:34:15.170+0000] {dag.py:3823} INFO - Setting next_dagrun for aqi_data_pipeline to 2026-03-13 03:00:00+00:00, run_after=2026-03-13 04:00:00+00:00
[2026-03-13T03:34:15.190+0000] {processor.py:183} INFO - Processing /opt/airflow/dags/aqi_pipeline.py took 0.108 seconds
[2026-03-13T03:34:46.321+0000] {processor.py:161} INFO - Started process (PID=539) to work on /opt/airflow/dags/aqi_pipeline.py
[2026-03-13T03:34:46.323+0000] {processor.py:830} INFO - Processing file /opt/airflow/dags/aqi_pipeline.py for tasks to queue
[2026-03-13T03:34:46.324+0000] {logging_mixin.py:188} INFO - [2026-03-13T03:34:46.324+0000] {dagbag.py:538} INFO - Filling up the DagBag from /opt/airflow/dags/aqi_pipeline.py
[2026-03-13T03:34:46.362+0000] {processor.py:840} INFO - DAG(s) 'aqi_data_pipeline' retrieved from /opt/airflow/dags/aqi_pipeline.py
[2026-03-13T03:34:46.390+0000] {logging_mixin.py:188} INFO - [2026-03-13T03:34:46.390+0000] {dag.py:3036} INFO - Sync 1 DAGs
[2026-03-13T03:34:46.415+0000] {logging_mixin.py:188} INFO - [2026-03-13T03:34:46.415+0000] {dag.py:3823} INFO - Setting next_dagrun for aqi_data_pipeline to 2026-03-13 03:00:00+00:00, run_after=2026-03-13 04:00:00+00:00
[2026-03-13T03:34:46.435+0000] {processor.py:183} INFO - Processing /opt/airflow/dags/aqi_pipeline.py took 0.118 seconds
[2026-03-13T03:35:17.314+0000] {processor.py:161} INFO - Started process (PID=544) to work on /opt/airflow/dags/aqi_pipeline.py
[2026-03-13T03:35:17.315+0000] {processor.py:830} INFO - Processing file /opt/airflow/dags/aqi_pipeline.py for tasks to queue
[2026-03-13T03:35:17.316+0000] {logging_mixin.py:188} INFO - [2026-03-13T03:35:17.316+0000] {dagbag.py:538} INFO - Filling up the DagBag from /opt/airflow/dags/aqi_pipeline.py
[2026-03-13T03:35:17.345+0000] {processor.py:840} INFO - DAG(s) 'aqi_data_pipeline' retrieved from /opt/airflow/dags/aqi_pipeline.py
[2026-03-13T03:35:17.369+0000] {logging_mixin.py:188} INFO - [2026-03-13T03:35:17.369+0000] {dag.py:3036} INFO - Sync 1 DAGs
[2026-03-13T03:35:17.390+0000] {logging_mixin.py:188} INFO - [2026-03-13T03:35:17.390+0000] {dag.py:3823} INFO - Setting next_dagrun for aqi_data_pipeline to 2026-03-13 03:00:00+00:00, run_after=2026-03-13 04:00:00+00:00
[2026-03-13T03:35:17.408+0000] {processor.py:183} INFO - Processing /opt/airflow/dags/aqi_pipeline.py took 0.096 seconds
[2026-03-13T03:35:49.354+0000] {processor.py:161} INFO - Started process (PID=549) to work on /opt/airflow/dags/aqi_pipeline.py
[2026-03-13T03:35:49.355+0000] {processor.py:830} INFO - Processing file /opt/airflow/dags/aqi_pipeline.py for tasks to queue
[2026-03-13T03:35:49.357+0000] {logging_mixin.py:188} INFO - [2026-03-13T03:35:49.356+0000] {dagbag.py:538} INFO - Filling up the DagBag from /opt/airflow/dags/aqi_pipeline.py
[2026-03-13T03:35:49.391+0000] {processor.py:840} INFO - DAG(s) 'aqi_data_pipeline' retrieved from /opt/airflow/dags/aqi_pipeline.py
[2026-03-13T03:35:49.423+0000] {logging_mixin.py:188} INFO - [2026-03-13T03:35:49.423+0000] {dag.py:3036} INFO - Sync 1 DAGs
[2026-03-13T03:35:49.448+0000] {logging_mixin.py:188} INFO - [2026-03-13T03:35:49.448+0000] {dag.py:3823} INFO - Setting next_dagrun for aqi_data_pipeline to 2026-03-13 03:00:00+00:00, run_after=2026-03-13 04:00:00+00:00
[2026-03-13T03:35:49.471+0000] {processor.py:183} INFO - Processing /opt/airflow/dags/aqi_pipeline.py took 0.121 seconds
[2026-03-13T03:36:20.572+0000] {processor.py:161} INFO - Started process (PID=554) to work on /opt/airflow/dags/aqi_pipeline.py
[2026-03-13T03:36:20.573+0000] {processor.py:830} INFO - Processing file /opt/airflow/dags/aqi_pipeline.py for tasks to queue
[2026-03-13T03:36:20.574+0000] {logging_mixin.py:188} INFO - [2026-03-13T03:36:20.574+0000] {dagbag.py:538} INFO - Filling up the DagBag from /opt/airflow/dags/aqi_pipeline.py
[2026-03-13T03:36:20.605+0000] {processor.py:840} INFO - DAG(s) 'aqi_data_pipeline' retrieved from /opt/airflow/dags/aqi_pipeline.py
[2026-03-13T03:36:20.633+0000] {logging_mixin.py:188} INFO - [2026-03-13T03:36:20.633+0000] {dag.py:3036} INFO - Sync 1 DAGs
[2026-03-13T03:36:20.657+0000] {logging_mixin.py:188} INFO - [2026-03-13T03:36:20.657+0000] {dag.py:3823} INFO - Setting next_dagrun for aqi_data_pipeline to 2026-03-13 03:00:00+00:00, run_after=2026-03-13 04:00:00+00:00
[2026-03-13T03:36:20.678+0000] {processor.py:183} INFO - Processing /opt/airflow/dags/aqi_pipeline.py took 0.109 seconds
[2026-03-13T03:36:51.692+0000] {processor.py:161} INFO - Started process (PID=559) to work on /opt/airflow/dags/aqi_pipeline.py
[2026-03-13T03:36:51.693+0000] {processor.py:830} INFO - Processing file /opt/airflow/dags/aqi_pipeline.py for tasks to queue
[2026-03-13T03:36:51.694+0000] {logging_mixin.py:188} INFO - [2026-03-13T03:36:51.694+0000] {dagbag.py:538} INFO - Filling up the DagBag from /opt/airflow/dags/aqi_pipeline.py
[2026-03-13T03:36:51.727+0000] {processor.py:840} INFO - DAG(s) 'aqi_data_pipeline' retrieved from /opt/airflow/dags/aqi_pipeline.py
[2026-03-13T03:36:51.756+0000] {logging_mixin.py:188} INFO - [2026-03-13T03:36:51.755+0000] {dag.py:3036} INFO - Sync 1 DAGs
[2026-03-13T03:36:51.782+0000] {logging_mixin.py:188} INFO - [2026-03-13T03:36:51.782+0000] {dag.py:3823} INFO - Setting next_dagrun for aqi_data_pipeline to 2026-03-13 03:00:00+00:00, run_after=2026-03-13 04:00:00+00:00
[2026-03-13T03:36:51.803+0000] {processor.py:183} INFO - Processing /opt/airflow/dags/aqi_pipeline.py took 0.114 seconds
[2026-03-13T03:37:22.540+0000] {processor.py:161} INFO - Started process (PID=564) to work on /opt/airflow/dags/aqi_pipeline.py
[2026-03-13T03:37:22.541+0000] {processor.py:830} INFO - Processing file /opt/airflow/dags/aqi_pipeline.py for tasks to queue
[2026-03-13T03:37:22.543+0000] {logging_mixin.py:188} INFO - [2026-03-13T03:37:22.542+0000] {dagbag.py:538} INFO - Filling up the DagBag from /opt/airflow/dags/aqi_pipeline.py
[2026-03-13T03:37:22.576+0000] {processor.py:840} INFO - DAG(s) 'aqi_data_pipeline' retrieved from /opt/airflow/dags/aqi_pipeline.py
[2026-03-13T03:37:22.606+0000] {logging_mixin.py:188} INFO - [2026-03-13T03:37:22.606+0000] {dag.py:3036} INFO - Sync 1 DAGs
[2026-03-13T03:37:22.632+0000] {logging_mixin.py:188} INFO - [2026-03-13T03:37:22.632+0000] {dag.py:3823} INFO - Setting next_dagrun for aqi_data_pipeline to 2026-03-13 03:00:00+00:00, run_after=2026-03-13 04:00:00+00:00
[2026-03-13T03:37:22.655+0000] {processor.py:183} INFO - Processing /opt/airflow/dags/aqi_pipeline.py took 0.118 seconds
[2026-03-13T03:37:52.995+0000] {processor.py:161} INFO - Started process (PID=569) to work on /opt/airflow/dags/aqi_pipeline.py
[2026-03-13T03:37:52.997+0000] {processor.py:830} INFO - Processing file /opt/airflow/dags/aqi_pipeline.py for tasks to queue
[2026-03-13T03:37:52.999+0000] {logging_mixin.py:188} INFO - [2026-03-13T03:37:52.998+0000] {dagbag.py:538} INFO - Filling up the DagBag from /opt/airflow/dags/aqi_pipeline.py
[2026-03-13T03:37:53.043+0000] {processor.py:840} INFO - DAG(s) 'aqi_data_pipeline' retrieved from /opt/airflow/dags/aqi_pipeline.py
[2026-03-13T03:37:53.084+0000] {logging_mixin.py:188} INFO - [2026-03-13T03:37:53.084+0000] {dag.py:3036} INFO - Sync 1 DAGs
[2026-03-13T03:37:53.126+0000] {logging_mixin.py:188} INFO - [2026-03-13T03:37:53.125+0000] {dag.py:3823} INFO - Setting next_dagrun for aqi_data_pipeline to 2026-03-13 03:00:00+00:00, run_after=2026-03-13 04:00:00+00:00
[2026-03-13T03:37:53.158+0000] {processor.py:183} INFO - Processing /opt/airflow/dags/aqi_pipeline.py took 0.167 seconds
[2026-03-13T03:38:24.197+0000] {processor.py:161} INFO - Started process (PID=574) to work on /opt/airflow/dags/aqi_pipeline.py
[2026-03-13T03:38:24.199+0000] {processor.py:830} INFO - Processing file /opt/airflow/dags/aqi_pipeline.py for tasks to queue
[2026-03-13T03:38:24.200+0000] {logging_mixin.py:188} INFO - [2026-03-13T03:38:24.200+0000] {dagbag.py:538} INFO - Filling up the DagBag from /opt/airflow/dags/aqi_pipeline.py
[2026-03-13T03:38:24.235+0000] {processor.py:840} INFO - DAG(s) 'aqi_data_pipeline' retrieved from /opt/airflow/dags/aqi_pipeline.py
[2026-03-13T03:38:24.264+0000] {logging_mixin.py:188} INFO - [2026-03-13T03:38:24.264+0000] {dag.py:3036} INFO - Sync 1 DAGs
[2026-03-13T03:38:24.288+0000] {logging_mixin.py:188} INFO - [2026-03-13T03:38:24.288+0000] {dag.py:3823} INFO - Setting next_dagrun for aqi_data_pipeline to 2026-03-13 03:00:00+00:00, run_after=2026-03-13 04:00:00+00:00
[2026-03-13T03:38:24.307+0000] {processor.py:183} INFO - Processing /opt/airflow/dags/aqi_pipeline.py took 0.114 seconds
[2026-03-13T03:38:57.117+0000] {processor.py:161} INFO - Started process (PID=579) to work on /opt/airflow/dags/aqi_pipeline.py
[2026-03-13T03:38:57.118+0000] {processor.py:830} INFO - Processing file /opt/airflow/dags/aqi_pipeline.py for tasks to queue
[2026-03-13T03:38:57.118+0000] {logging_mixin.py:188} INFO - [2026-03-13T03:38:57.118+0000] {dagbag.py:538} INFO - Filling up the DagBag from /opt/airflow/dags/aqi_pipeline.py
[2026-03-13T03:38:57.153+0000] {processor.py:840} INFO - DAG(s) 'aqi_data_pipeline' retrieved from /opt/airflow/dags/aqi_pipeline.py
[2026-03-13T03:38:57.186+0000] {logging_mixin.py:188} INFO - [2026-03-13T03:38:57.186+0000] {dag.py:3036} INFO - Sync 1 DAGs
[2026-03-13T03:38:57.213+0000] {logging_mixin.py:188} INFO - [2026-03-13T03:38:57.212+0000] {dag.py:3823} INFO - Setting next_dagrun for aqi_data_pipeline to 2026-03-13 03:00:00+00:00, run_after=2026-03-13 04:00:00+00:00
[2026-03-13T03:38:57.234+0000] {processor.py:183} INFO - Processing /opt/airflow/dags/aqi_pipeline.py took 0.121 seconds
[2026-03-13T03:39:28.116+0000] {processor.py:161} INFO - Started process (PID=584) to work on /opt/airflow/dags/aqi_pipeline.py
[2026-03-13T03:39:28.117+0000] {processor.py:830} INFO - Processing file /opt/airflow/dags/aqi_pipeline.py for tasks to queue
[2026-03-13T03:39:28.118+0000] {logging_mixin.py:188} INFO - [2026-03-13T03:39:28.118+0000] {dagbag.py:538} INFO - Filling up the DagBag from /opt/airflow/dags/aqi_pipeline.py
[2026-03-13T03:39:28.154+0000] {processor.py:840} INFO - DAG(s) 'aqi_data_pipeline' retrieved from /opt/airflow/dags/aqi_pipeline.py
[2026-03-13T03:39:28.180+0000] {logging_mixin.py:188} INFO - [2026-03-13T03:39:28.180+0000] {dag.py:3036} INFO - Sync 1 DAGs
[2026-03-13T03:39:28.205+0000] {logging_mixin.py:188} INFO - [2026-03-13T03:39:28.205+0000] {dag.py:3823} INFO - Setting next_dagrun for aqi_data_pipeline to 2026-03-13 03:00:00+00:00, run_after=2026-03-13 04:00:00+00:00
[2026-03-13T03:39:28.226+0000] {processor.py:183} INFO - Processing /opt/airflow/dags/aqi_pipeline.py took 0.113 seconds
