[2026-03-11T09:15:42.162+0000] {taskinstance.py:1956} INFO - Dependencies all met for dep_context=non-requeueable deps ti=<TaskInstance: aqi_data_pipeline.run_aqi_etl manual__2026-03-11T09:15:41.228369+00:00 [queued]>
[2026-03-11T09:15:42.169+0000] {taskinstance.py:1956} INFO - Dependencies all met for dep_context=requeueable deps ti=<TaskInstance: aqi_data_pipeline.run_aqi_etl manual__2026-03-11T09:15:41.228369+00:00 [queued]>
[2026-03-11T09:15:42.170+0000] {taskinstance.py:2170} INFO - Starting attempt 1 of 3
[2026-03-11T09:15:42.182+0000] {taskinstance.py:2191} INFO - Executing <Task(PythonOperator): run_aqi_etl> on 2026-03-11 09:15:41.228369+00:00
[2026-03-11T09:15:42.186+0000] {standard_task_runner.py:60} INFO - Started process 177 to run task
[2026-03-11T09:15:42.189+0000] {standard_task_runner.py:87} INFO - Running: ['***', 'tasks', 'run', 'aqi_data_pipeline', 'run_aqi_etl', 'manual__2026-03-11T09:15:41.228369+00:00', '--job-id', '24', '--raw', '--subdir', 'DAGS_FOLDER/aqi_pipeline.py', '--cfg-path', '/tmp/tmpx_7h2hoh']
[2026-03-11T09:15:42.192+0000] {standard_task_runner.py:88} INFO - Job 24: Subtask run_aqi_etl
[2026-03-11T09:15:42.250+0000] {task_command.py:423} INFO - Running <TaskInstance: aqi_data_pipeline.run_aqi_etl manual__2026-03-11T09:15:41.228369+00:00 [running]> on host 66a4045fcb30
[2026-03-11T09:15:42.321+0000] {taskinstance.py:2480} INFO - Exporting env vars: AIRFLOW_CTX_DAG_OWNER='***' AIRFLOW_CTX_DAG_ID='aqi_data_pipeline' AIRFLOW_CTX_TASK_ID='run_aqi_etl' AIRFLOW_CTX_EXECUTION_DATE='2026-03-11T09:15:41.228369+00:00' AIRFLOW_CTX_TRY_NUMBER='1' AIRFLOW_CTX_DAG_RUN_ID='manual__2026-03-11T09:15:41.228369+00:00'
[2026-03-11T09:15:42.322+0000] {logging_mixin.py:188} INFO - Starting AQI ETL pipeline...
[2026-03-11T09:15:42.323+0000] {logging_mixin.py:188} INFO - Connecting to PostgreSQL...
[2026-03-11T09:15:42.326+0000] {logging_mixin.py:188} INFO - Connected to PostgreSQL
[2026-03-11T09:15:42.326+0000] {logging_mixin.py:188} INFO - Fetching AQI data for Hanoi...
[2026-03-11T09:15:42.525+0000] {logging_mixin.py:188} INFO - Error processing Hanoi: relation "city" does not exist
LINE 2:         INSERT INTO city (cityName, stateName, countryName, ...
                            ^
[2026-03-11T09:15:42.525+0000] {logging_mixin.py:188} INFO - Fetching AQI data for Hue...
[2026-03-11T09:15:42.686+0000] {logging_mixin.py:188} INFO - Error processing Hue: API error 400: {"status":"fail","data":{"message":"city_not_found"}}
[2026-03-11T09:15:42.687+0000] {logging_mixin.py:188} INFO - AQI ETL pipeline finished.
[2026-03-11T09:15:42.687+0000] {python.py:201} INFO - Done. Returned value was: None
[2026-03-11T09:15:42.695+0000] {taskinstance.py:1138} INFO - Marking task as SUCCESS. dag_id=aqi_data_pipeline, task_id=run_aqi_etl, execution_date=20260311T091541, start_date=20260311T091542, end_date=20260311T091542
[2026-03-11T09:15:42.722+0000] {local_task_job_runner.py:234} INFO - Task exited with return code 0
[2026-03-11T09:15:42.735+0000] {taskinstance.py:3280} INFO - 0 downstream tasks scheduled from follow-on schedule check
