[2026-03-13T05:00:02.135+0000] {taskinstance.py:1956} INFO - Dependencies all met for dep_context=non-requeueable deps ti=<TaskInstance: aqi_data_pipeline.run_aqi_etl scheduled__2026-03-13T04:00:00+00:00 [queued]>
[2026-03-13T05:00:02.144+0000] {taskinstance.py:1956} INFO - Dependencies all met for dep_context=requeueable deps ti=<TaskInstance: aqi_data_pipeline.run_aqi_etl scheduled__2026-03-13T04:00:00+00:00 [queued]>
[2026-03-13T05:00:02.145+0000] {taskinstance.py:2170} INFO - Starting attempt 1 of 3
[2026-03-13T05:00:02.161+0000] {taskinstance.py:2191} INFO - Executing <Task(PythonOperator): run_aqi_etl> on 2026-03-13 04:00:00+00:00
[2026-03-13T05:00:02.166+0000] {standard_task_runner.py:60} INFO - Started process 1378 to run task
[2026-03-13T05:00:02.170+0000] {standard_task_runner.py:87} INFO - Running: ['***', 'tasks', 'run', 'aqi_data_pipeline', 'run_aqi_etl', 'scheduled__2026-03-13T04:00:00+00:00', '--job-id', '41', '--raw', '--subdir', 'DAGS_FOLDER/aqi_pipeline.py', '--cfg-path', '/tmp/tmp01b85cq4']
[2026-03-13T05:00:02.173+0000] {standard_task_runner.py:88} INFO - Job 41: Subtask run_aqi_etl
[2026-03-13T05:00:02.240+0000] {task_command.py:423} INFO - Running <TaskInstance: aqi_data_pipeline.run_aqi_etl scheduled__2026-03-13T04:00:00+00:00 [running]> on host 97750d40b4d7
[2026-03-13T05:00:02.324+0000] {taskinstance.py:2480} INFO - Exporting env vars: AIRFLOW_CTX_DAG_OWNER='***' AIRFLOW_CTX_DAG_ID='aqi_data_pipeline' AIRFLOW_CTX_TASK_ID='run_aqi_etl' AIRFLOW_CTX_EXECUTION_DATE='2026-03-13T04:00:00+00:00' AIRFLOW_CTX_TRY_NUMBER='1' AIRFLOW_CTX_DAG_RUN_ID='scheduled__2026-03-13T04:00:00+00:00'
[2026-03-13T05:00:02.326+0000] {logging_mixin.py:188} INFO - Starting AQI ETL pipeline...
[2026-03-13T05:00:02.327+0000] {logging_mixin.py:188} INFO - Connecting to PostgreSQL...
[2026-03-13T05:00:02.330+0000] {logging_mixin.py:188} INFO - Connected to PostgreSQL
[2026-03-13T05:00:02.330+0000] {logging_mixin.py:188} INFO - Fetching AQI data for Hanoi...
[2026-03-13T05:00:02.577+0000] {logging_mixin.py:188} INFO - Inserted AQI data for Hanoi
[2026-03-13T05:00:02.577+0000] {logging_mixin.py:188} INFO - Fetching AQI data for Lien Chieu...
[2026-03-13T05:00:02.753+0000] {logging_mixin.py:188} INFO - Inserted AQI data for Lien Chieu
[2026-03-13T05:00:02.753+0000] {logging_mixin.py:188} INFO - AQI ETL pipeline finished
[2026-03-13T05:00:02.754+0000] {python.py:201} INFO - Done. Returned value was: None
[2026-03-13T05:00:02.762+0000] {taskinstance.py:1138} INFO - Marking task as SUCCESS. dag_id=aqi_data_pipeline, task_id=run_aqi_etl, execution_date=20260313T040000, start_date=20260313T050002, end_date=20260313T050002
[2026-03-13T05:00:02.789+0000] {local_task_job_runner.py:234} INFO - Task exited with return code 0
[2026-03-13T05:00:02.803+0000] {taskinstance.py:3280} INFO - 0 downstream tasks scheduled from follow-on schedule check
