[2026-03-13T09:00:00.358+0000] {taskinstance.py:1956} INFO - Dependencies all met for dep_context=non-requeueable deps ti=<TaskInstance: aqi_data_pipeline.run_aqi_etl scheduled__2026-03-13T08:00:00+00:00 [queued]>
[2026-03-13T09:00:00.365+0000] {taskinstance.py:1956} INFO - Dependencies all met for dep_context=requeueable deps ti=<TaskInstance: aqi_data_pipeline.run_aqi_etl scheduled__2026-03-13T08:00:00+00:00 [queued]>
[2026-03-13T09:00:00.365+0000] {taskinstance.py:2170} INFO - Starting attempt 1 of 3
[2026-03-13T09:00:00.378+0000] {taskinstance.py:2191} INFO - Executing <Task(PythonOperator): run_aqi_etl> on 2026-03-13 08:00:00+00:00
[2026-03-13T09:00:00.382+0000] {standard_task_runner.py:60} INFO - Started process 3738 to run task
[2026-03-13T09:00:00.386+0000] {standard_task_runner.py:87} INFO - Running: ['***', 'tasks', 'run', 'aqi_data_pipeline', 'run_aqi_etl', 'scheduled__2026-03-13T08:00:00+00:00', '--job-id', '45', '--raw', '--subdir', 'DAGS_FOLDER/aqi_pipeline.py', '--cfg-path', '/tmp/tmpt__adeqt']
[2026-03-13T09:00:00.389+0000] {standard_task_runner.py:88} INFO - Job 45: Subtask run_aqi_etl
[2026-03-13T09:00:00.443+0000] {task_command.py:423} INFO - Running <TaskInstance: aqi_data_pipeline.run_aqi_etl scheduled__2026-03-13T08:00:00+00:00 [running]> on host 97750d40b4d7
[2026-03-13T09:00:00.512+0000] {taskinstance.py:2480} INFO - Exporting env vars: AIRFLOW_CTX_DAG_OWNER='***' AIRFLOW_CTX_DAG_ID='aqi_data_pipeline' AIRFLOW_CTX_TASK_ID='run_aqi_etl' AIRFLOW_CTX_EXECUTION_DATE='2026-03-13T08:00:00+00:00' AIRFLOW_CTX_TRY_NUMBER='1' AIRFLOW_CTX_DAG_RUN_ID='scheduled__2026-03-13T08:00:00+00:00'
[2026-03-13T09:00:00.514+0000] {logging_mixin.py:188} INFO - Starting AQI ETL pipeline...
[2026-03-13T09:00:00.515+0000] {logging_mixin.py:188} INFO - Connecting to PostgreSQL...
[2026-03-13T09:00:00.517+0000] {logging_mixin.py:188} INFO - Connected to PostgreSQL
[2026-03-13T09:00:00.518+0000] {logging_mixin.py:188} INFO - Fetching AQI data for Hanoi...
[2026-03-13T09:00:00.724+0000] {logging_mixin.py:188} INFO - Inserted AQI data for Hanoi
[2026-03-13T09:00:00.725+0000] {logging_mixin.py:188} INFO - Fetching AQI data for Lien Chieu...
[2026-03-13T09:00:00.915+0000] {logging_mixin.py:188} INFO - Inserted AQI data for Lien Chieu
[2026-03-13T09:00:00.915+0000] {logging_mixin.py:188} INFO - AQI ETL pipeline finished
[2026-03-13T09:00:00.917+0000] {python.py:201} INFO - Done. Returned value was: None
[2026-03-13T09:00:00.924+0000] {taskinstance.py:1138} INFO - Marking task as SUCCESS. dag_id=aqi_data_pipeline, task_id=run_aqi_etl, execution_date=20260313T080000, start_date=20260313T090000, end_date=20260313T090000
[2026-03-13T09:00:00.959+0000] {local_task_job_runner.py:234} INFO - Task exited with return code 0
[2026-03-13T09:00:00.971+0000] {taskinstance.py:3280} INFO - 0 downstream tasks scheduled from follow-on schedule check
