[2026-03-11T10:08:34.511+0000] {taskinstance.py:1956} INFO - Dependencies all met for dep_context=non-requeueable deps ti=<TaskInstance: aqi_data_pipeline.run_aqi_etl scheduled__2026-03-11T09:00:00+00:00 [queued]>
[2026-03-11T10:08:34.518+0000] {taskinstance.py:1956} INFO - Dependencies all met for dep_context=requeueable deps ti=<TaskInstance: aqi_data_pipeline.run_aqi_etl scheduled__2026-03-11T09:00:00+00:00 [queued]>
[2026-03-11T10:08:34.519+0000] {taskinstance.py:2170} INFO - Starting attempt 1 of 3
[2026-03-11T10:08:34.534+0000] {taskinstance.py:2191} INFO - Executing <Task(PythonOperator): run_aqi_etl> on 2026-03-11 09:00:00+00:00
[2026-03-11T10:08:34.537+0000] {standard_task_runner.py:60} INFO - Started process 179 to run task
[2026-03-11T10:08:34.542+0000] {standard_task_runner.py:87} INFO - Running: ['***', 'tasks', 'run', 'aqi_data_pipeline', 'run_aqi_etl', 'scheduled__2026-03-11T09:00:00+00:00', '--job-id', '3', '--raw', '--subdir', 'DAGS_FOLDER/aqi_pipeline.py', '--cfg-path', '/tmp/tmp3x3j9k6f']
[2026-03-11T10:08:34.544+0000] {standard_task_runner.py:88} INFO - Job 3: Subtask run_aqi_etl
[2026-03-11T10:08:34.610+0000] {task_command.py:423} INFO - Running <TaskInstance: aqi_data_pipeline.run_aqi_etl scheduled__2026-03-11T09:00:00+00:00 [running]> on host 93980b63a8dd
[2026-03-11T10:08:34.685+0000] {taskinstance.py:2480} INFO - Exporting env vars: AIRFLOW_CTX_DAG_OWNER='***' AIRFLOW_CTX_DAG_ID='aqi_data_pipeline' AIRFLOW_CTX_TASK_ID='run_aqi_etl' AIRFLOW_CTX_EXECUTION_DATE='2026-03-11T09:00:00+00:00' AIRFLOW_CTX_TRY_NUMBER='1' AIRFLOW_CTX_DAG_RUN_ID='scheduled__2026-03-11T09:00:00+00:00'
[2026-03-11T10:08:34.686+0000] {logging_mixin.py:188} INFO - Starting AQI ETL pipeline...
[2026-03-11T10:08:34.687+0000] {logging_mixin.py:188} INFO - Connecting to PostgreSQL...
[2026-03-11T10:08:34.690+0000] {logging_mixin.py:188} INFO - Connected to PostgreSQL
[2026-03-11T10:08:34.691+0000] {logging_mixin.py:188} INFO - Fetching AQI data for Hanoi...
[2026-03-11T10:08:34.887+0000] {logging_mixin.py:188} INFO - Error processing Hanoi: column "cityid" does not exist
LINE 5:         RETURNING cityId
                          ^
HINT:  Perhaps you meant to reference the column "city.city_id".
[2026-03-11T10:08:34.889+0000] {logging_mixin.py:188} INFO - Fetching AQI data for Hue...
[2026-03-11T10:08:35.060+0000] {logging_mixin.py:188} INFO - Error processing Hue: API error 400: {"status":"fail","data":{"message":"city_not_found"}}
[2026-03-11T10:08:35.060+0000] {logging_mixin.py:188} INFO - AQI ETL pipeline finished.
[2026-03-11T10:08:35.062+0000] {python.py:201} INFO - Done. Returned value was: None
[2026-03-11T10:08:35.070+0000] {taskinstance.py:1138} INFO - Marking task as SUCCESS. dag_id=aqi_data_pipeline, task_id=run_aqi_etl, execution_date=20260311T090000, start_date=20260311T100834, end_date=20260311T100835
[2026-03-11T10:08:35.115+0000] {local_task_job_runner.py:234} INFO - Task exited with return code 0
[2026-03-11T10:08:35.133+0000] {taskinstance.py:3280} INFO - 0 downstream tasks scheduled from follow-on schedule check
