[2026-03-13T03:03:54.051+0000] {taskinstance.py:1956} INFO - Dependencies all met for dep_context=non-requeueable deps ti=<TaskInstance: aqi_data_pipeline.run_aqi_etl scheduled__2026-03-13T01:00:00+00:00 [queued]>
[2026-03-13T03:03:54.058+0000] {taskinstance.py:1956} INFO - Dependencies all met for dep_context=requeueable deps ti=<TaskInstance: aqi_data_pipeline.run_aqi_etl scheduled__2026-03-13T01:00:00+00:00 [queued]>
[2026-03-13T03:03:54.059+0000] {taskinstance.py:2170} INFO - Starting attempt 2 of 3
[2026-03-13T03:03:54.072+0000] {taskinstance.py:2191} INFO - Executing <Task(PythonOperator): run_aqi_etl> on 2026-03-13 01:00:00+00:00
[2026-03-13T03:03:54.076+0000] {standard_task_runner.py:60} INFO - Started process 229 to run task
[2026-03-13T03:03:54.079+0000] {standard_task_runner.py:87} INFO - Running: ['***', 'tasks', 'run', 'aqi_data_pipeline', 'run_aqi_etl', 'scheduled__2026-03-13T01:00:00+00:00', '--job-id', '32', '--raw', '--subdir', 'DAGS_FOLDER/aqi_pipeline.py', '--cfg-path', '/tmp/tmp7eot83l1']
[2026-03-13T03:03:54.082+0000] {standard_task_runner.py:88} INFO - Job 32: Subtask run_aqi_etl
[2026-03-13T03:03:54.142+0000] {task_command.py:423} INFO - Running <TaskInstance: aqi_data_pipeline.run_aqi_etl scheduled__2026-03-13T01:00:00+00:00 [running]> on host 97750d40b4d7
[2026-03-13T03:03:54.213+0000] {taskinstance.py:2480} INFO - Exporting env vars: AIRFLOW_CTX_DAG_OWNER='***' AIRFLOW_CTX_DAG_ID='aqi_data_pipeline' AIRFLOW_CTX_TASK_ID='run_aqi_etl' AIRFLOW_CTX_EXECUTION_DATE='2026-03-13T01:00:00+00:00' AIRFLOW_CTX_TRY_NUMBER='2' AIRFLOW_CTX_DAG_RUN_ID='scheduled__2026-03-13T01:00:00+00:00'
[2026-03-13T03:03:54.214+0000] {logging_mixin.py:188} INFO - Starting AQI ETL pipeline...
[2026-03-13T03:03:54.215+0000] {logging_mixin.py:188} INFO - Connecting to PostgreSQL...
[2026-03-13T03:03:54.217+0000] {logging_mixin.py:188} INFO - Connected to PostgreSQL
[2026-03-13T03:03:54.218+0000] {logging_mixin.py:188} INFO - Fetching AQI data for Hanoi...
[2026-03-13T03:03:54.421+0000] {logging_mixin.py:188} INFO - Error processing Hanoi: API error 400: {"status":"fail","data":{"message":"city_not_found"}}
[2026-03-13T03:03:54.422+0000] {taskinstance.py:2698} ERROR - Task failed with exception
Traceback (most recent call last):
  File "/home/airflow/.local/lib/python3.8/site-packages/airflow/models/taskinstance.py", line 433, in _execute_task
    result = execute_callable(context=context, **execute_callable_kwargs)
  File "/home/airflow/.local/lib/python3.8/site-packages/airflow/operators/python.py", line 199, in execute
    return_value = self.execute_callable()
  File "/home/airflow/.local/lib/python3.8/site-packages/airflow/operators/python.py", line 216, in execute_callable
    return self.python_callable(*self.op_args, **self.op_kwargs)
  File "/opt/airflow/dags/aqi_etl.py", line 128, in run_aqi_etl
    raise e
  File "/opt/airflow/dags/aqi_etl.py", line 76, in run_aqi_etl
    data = fetch_aqi(city, state, country)
  File "/opt/airflow/dags/aqi_etl.py", line 54, in fetch_aqi
    raise Exception(f"API error {response.status_code}: {response.text}")
Exception: API error 400: {"status":"fail","data":{"message":"city_not_found"}}
[2026-03-13T03:03:54.431+0000] {taskinstance.py:1138} INFO - Marking task as UP_FOR_RETRY. dag_id=aqi_data_pipeline, task_id=run_aqi_etl, execution_date=20260313T010000, start_date=20260313T030354, end_date=20260313T030354
[2026-03-13T03:03:54.441+0000] {standard_task_runner.py:107} ERROR - Failed to execute job 32 for task run_aqi_etl (API error 400: {"status":"fail","data":{"message":"city_not_found"}}; 229)
[2026-03-13T03:03:54.452+0000] {local_task_job_runner.py:234} INFO - Task exited with return code 1
[2026-03-13T03:03:54.464+0000] {taskinstance.py:3280} INFO - 0 downstream tasks scheduled from follow-on schedule check
