[2026-03-11T08:51:44.163+0000] {taskinstance.py:1956} INFO - Dependencies all met for dep_context=non-requeueable deps ti=<TaskInstance: aqi_data_pipeline.run_aqi_etl scheduled__2026-03-11T07:00:00+00:00 [queued]>
[2026-03-11T08:51:44.170+0000] {taskinstance.py:1956} INFO - Dependencies all met for dep_context=requeueable deps ti=<TaskInstance: aqi_data_pipeline.run_aqi_etl scheduled__2026-03-11T07:00:00+00:00 [queued]>
[2026-03-11T08:51:44.170+0000] {taskinstance.py:2170} INFO - Starting attempt 2 of 3
[2026-03-11T08:51:44.181+0000] {taskinstance.py:2191} INFO - Executing <Task(PythonOperator): run_aqi_etl> on 2026-03-11 07:00:00+00:00
[2026-03-11T08:51:44.184+0000] {standard_task_runner.py:60} INFO - Started process 202 to run task
[2026-03-11T08:51:44.188+0000] {standard_task_runner.py:87} INFO - Running: ['***', 'tasks', 'run', 'aqi_data_pipeline', 'run_aqi_etl', 'scheduled__2026-03-11T07:00:00+00:00', '--job-id', '18', '--raw', '--subdir', 'DAGS_FOLDER/aqi_pipeline.py', '--cfg-path', '/tmp/tmpqcti5q6w']
[2026-03-11T08:51:44.190+0000] {standard_task_runner.py:88} INFO - Job 18: Subtask run_aqi_etl
[2026-03-11T08:51:44.253+0000] {task_command.py:423} INFO - Running <TaskInstance: aqi_data_pipeline.run_aqi_etl scheduled__2026-03-11T07:00:00+00:00 [running]> on host 22b0da1dc635
[2026-03-11T08:51:44.337+0000] {taskinstance.py:2480} INFO - Exporting env vars: AIRFLOW_CTX_DAG_OWNER='***' AIRFLOW_CTX_DAG_ID='aqi_data_pipeline' AIRFLOW_CTX_TASK_ID='run_aqi_etl' AIRFLOW_CTX_EXECUTION_DATE='2026-03-11T07:00:00+00:00' AIRFLOW_CTX_TRY_NUMBER='2' AIRFLOW_CTX_DAG_RUN_ID='scheduled__2026-03-11T07:00:00+00:00'
[2026-03-11T08:51:44.338+0000] {logging_mixin.py:188} INFO - Starting AQI ETL pipeline...
[2026-03-11T08:51:44.339+0000] {logging_mixin.py:188} INFO - Connecting to PostgreSQL...
[2026-03-11T08:51:44.342+0000] {taskinstance.py:2698} ERROR - Task failed with exception
Traceback (most recent call last):
  File "/home/airflow/.local/lib/python3.8/site-packages/airflow/models/taskinstance.py", line 433, in _execute_task
    result = execute_callable(context=context, **execute_callable_kwargs)
  File "/home/airflow/.local/lib/python3.8/site-packages/airflow/operators/python.py", line 199, in execute
    return_value = self.execute_callable()
  File "/home/airflow/.local/lib/python3.8/site-packages/airflow/operators/python.py", line 216, in execute_callable
    return self.python_callable(*self.op_args, **self.op_kwargs)
  File "/opt/airflow/dags/aqi_etl.py", line 150, in run_etl
    conn = get_db_connection()
  File "/opt/airflow/dags/aqi_etl.py", line 36, in get_db_connection
    conn = psycopg2.connect(
  File "/home/airflow/.local/lib/python3.8/site-packages/psycopg2/__init__.py", line 122, in connect
    conn = _connect(dsn, connection_factory=connection_factory, **kwasync)
psycopg2.OperationalError: connection to server at "postgres" (172.19.0.2), port 5432 failed: FATAL:  password authentication failed for user "admin"

[2026-03-11T08:51:44.353+0000] {taskinstance.py:1138} INFO - Marking task as UP_FOR_RETRY. dag_id=aqi_data_pipeline, task_id=run_aqi_etl, execution_date=20260311T070000, start_date=20260311T085144, end_date=20260311T085144
[2026-03-11T08:51:44.365+0000] {standard_task_runner.py:107} ERROR - Failed to execute job 18 for task run_aqi_etl (connection to server at "postgres" (172.19.0.2), port 5432 failed: FATAL:  password authentication failed for user "admin"
; 202)
[2026-03-11T08:51:44.400+0000] {local_task_job_runner.py:234} INFO - Task exited with return code 1
[2026-03-11T08:51:44.412+0000] {taskinstance.py:3280} INFO - 0 downstream tasks scheduled from follow-on schedule check
