[2026-03-12T07:10:06.677+0000] {taskinstance.py:1956} INFO - Dependencies all met for dep_context=non-requeueable deps ti=<TaskInstance: aqi_data_pipeline.run_aqi_etl scheduled__2026-03-12T06:00:00+00:00 [queued]>
[2026-03-12T07:10:06.684+0000] {taskinstance.py:1956} INFO - Dependencies all met for dep_context=requeueable deps ti=<TaskInstance: aqi_data_pipeline.run_aqi_etl scheduled__2026-03-12T06:00:00+00:00 [queued]>
[2026-03-12T07:10:06.685+0000] {taskinstance.py:2170} INFO - Starting attempt 3 of 3
[2026-03-12T07:10:06.699+0000] {taskinstance.py:2191} INFO - Executing <Task(PythonOperator): run_aqi_etl> on 2026-03-12 06:00:00+00:00
[2026-03-12T07:10:06.703+0000] {standard_task_runner.py:60} INFO - Started process 603 to run task
[2026-03-12T07:10:06.706+0000] {standard_task_runner.py:87} INFO - Running: ['***', 'tasks', 'run', 'aqi_data_pipeline', 'run_aqi_etl', 'scheduled__2026-03-12T06:00:00+00:00', '--job-id', '17', '--raw', '--subdir', 'DAGS_FOLDER/aqi_pipeline.py', '--cfg-path', '/tmp/tmpb0bcmvk_']
[2026-03-12T07:10:06.709+0000] {standard_task_runner.py:88} INFO - Job 17: Subtask run_aqi_etl
[2026-03-12T07:10:06.769+0000] {task_command.py:423} INFO - Running <TaskInstance: aqi_data_pipeline.run_aqi_etl scheduled__2026-03-12T06:00:00+00:00 [running]> on host 97750d40b4d7
[2026-03-12T07:10:06.842+0000] {taskinstance.py:2480} INFO - Exporting env vars: AIRFLOW_CTX_DAG_OWNER='***' AIRFLOW_CTX_DAG_ID='aqi_data_pipeline' AIRFLOW_CTX_TASK_ID='run_aqi_etl' AIRFLOW_CTX_EXECUTION_DATE='2026-03-12T06:00:00+00:00' AIRFLOW_CTX_TRY_NUMBER='3' AIRFLOW_CTX_DAG_RUN_ID='scheduled__2026-03-12T06:00:00+00:00'
[2026-03-12T07:10:06.844+0000] {logging_mixin.py:188} INFO - Starting AQI ETL pipeline...
[2026-03-12T07:10:06.844+0000] {logging_mixin.py:188} INFO - Connecting to PostgreSQL...
[2026-03-12T07:10:06.848+0000] {logging_mixin.py:188} INFO - Connected to PostgreSQL
[2026-03-12T07:10:06.849+0000] {logging_mixin.py:188} INFO - Fetching AQI data for Hanoi...
[2026-03-12T07:10:10.855+0000] {logging_mixin.py:188} INFO - Error processing Hanoi: HTTPConnectionPool(host='api.airvisual.com', port=80): Max retries exceeded with url: /v2/city?city=Hanoi&state=Hanoi&country=Vietnam&key=58f629ed-93f1-4fae-845c-45cdf5aa68c4 (Caused by NewConnectionError('<urllib3.connection.HTTPConnection object at 0x7df2a37acca0>: Failed to establish a new connection: [Errno -5] No address associated with hostname'))
[2026-03-12T07:10:10.855+0000] {taskinstance.py:2698} ERROR - Task failed with exception
Traceback (most recent call last):
  File "/home/airflow/.local/lib/python3.8/site-packages/urllib3/connection.py", line 174, in _new_conn
    conn = connection.create_connection(
  File "/home/airflow/.local/lib/python3.8/site-packages/urllib3/util/connection.py", line 72, in create_connection
    for res in socket.getaddrinfo(host, port, family, socket.SOCK_STREAM):
  File "/usr/local/lib/python3.8/socket.py", line 918, in getaddrinfo
    for res in _socket.getaddrinfo(host, port, family, type, proto, flags):
socket.gaierror: [Errno -5] No address associated with hostname

During handling of the above exception, another exception occurred:

Traceback (most recent call last):
  File "/home/airflow/.local/lib/python3.8/site-packages/urllib3/connectionpool.py", line 715, in urlopen
    httplib_response = self._make_request(
  File "/home/airflow/.local/lib/python3.8/site-packages/urllib3/connectionpool.py", line 416, in _make_request
    conn.request(method, url, **httplib_request_kw)
  File "/home/airflow/.local/lib/python3.8/site-packages/urllib3/connection.py", line 244, in request
    super(HTTPConnection, self).request(method, url, body=body, headers=headers)
  File "/usr/local/lib/python3.8/http/client.py", line 1256, in request
    self._send_request(method, url, body, headers, encode_chunked)
  File "/usr/local/lib/python3.8/http/client.py", line 1302, in _send_request
    self.endheaders(body, encode_chunked=encode_chunked)
  File "/usr/local/lib/python3.8/http/client.py", line 1251, in endheaders
    self._send_output(message_body, encode_chunked=encode_chunked)
  File "/usr/local/lib/python3.8/http/client.py", line 1011, in _send_output
    self.send(msg)
  File "/usr/local/lib/python3.8/http/client.py", line 951, in send
    self.connect()
  File "/home/airflow/.local/lib/python3.8/site-packages/urllib3/connection.py", line 205, in connect
    conn = self._new_conn()
  File "/home/airflow/.local/lib/python3.8/site-packages/urllib3/connection.py", line 186, in _new_conn
    raise NewConnectionError(
urllib3.exceptions.NewConnectionError: <urllib3.connection.HTTPConnection object at 0x7df2a37acca0>: Failed to establish a new connection: [Errno -5] No address associated with hostname

During handling of the above exception, another exception occurred:

Traceback (most recent call last):
  File "/home/airflow/.local/lib/python3.8/site-packages/requests/adapters.py", line 486, in send
    resp = conn.urlopen(
  File "/home/airflow/.local/lib/python3.8/site-packages/urllib3/connectionpool.py", line 799, in urlopen
    retries = retries.increment(
  File "/home/airflow/.local/lib/python3.8/site-packages/urllib3/util/retry.py", line 592, in increment
    raise MaxRetryError(_pool, url, error or ResponseError(cause))
urllib3.exceptions.MaxRetryError: HTTPConnectionPool(host='api.airvisual.com', port=80): Max retries exceeded with url: /v2/city?city=Hanoi&state=Hanoi&country=Vietnam&key=58f629ed-93f1-4fae-845c-45cdf5aa68c4 (Caused by NewConnectionError('<urllib3.connection.HTTPConnection object at 0x7df2a37acca0>: Failed to establish a new connection: [Errno -5] No address associated with hostname'))

During handling of the above exception, another exception occurred:

Traceback (most recent call last):
  File "/home/airflow/.local/lib/python3.8/site-packages/airflow/models/taskinstance.py", line 433, in _execute_task
    result = execute_callable(context=context, **execute_callable_kwargs)
  File "/home/airflow/.local/lib/python3.8/site-packages/airflow/operators/python.py", line 199, in execute
    return_value = self.execute_callable()
  File "/home/airflow/.local/lib/python3.8/site-packages/airflow/operators/python.py", line 216, in execute_callable
    return self.python_callable(*self.op_args, **self.op_kwargs)
  File "/opt/airflow/dags/aqi_etl.py", line 128, in run_aqi_etl
    raise e
  File "/opt/airflow/dags/aqi_etl.py", line 76, in run_aqi_etl
    data = fetch_aqi(city, state, country)
  File "/opt/airflow/dags/aqi_etl.py", line 51, in fetch_aqi
    response = requests.get(url, params=params)
  File "/home/airflow/.local/lib/python3.8/site-packages/requests/api.py", line 73, in get
    return request("get", url, params=params, **kwargs)
  File "/home/airflow/.local/lib/python3.8/site-packages/requests/api.py", line 59, in request
    return session.request(method=method, url=url, **kwargs)
  File "/home/airflow/.local/lib/python3.8/site-packages/requests/sessions.py", line 589, in request
    resp = self.send(prep, **send_kwargs)
  File "/home/airflow/.local/lib/python3.8/site-packages/requests/sessions.py", line 703, in send
    r = adapter.send(request, **kwargs)
  File "/home/airflow/.local/lib/python3.8/site-packages/requests/adapters.py", line 519, in send
    raise ConnectionError(e, request=request)
requests.exceptions.ConnectionError: HTTPConnectionPool(host='api.airvisual.com', port=80): Max retries exceeded with url: /v2/city?city=Hanoi&state=Hanoi&country=Vietnam&key=58f629ed-93f1-4fae-845c-45cdf5aa68c4 (Caused by NewConnectionError('<urllib3.connection.HTTPConnection object at 0x7df2a37acca0>: Failed to establish a new connection: [Errno -5] No address associated with hostname'))
[2026-03-12T07:10:10.867+0000] {taskinstance.py:1138} INFO - Marking task as FAILED. dag_id=aqi_data_pipeline, task_id=run_aqi_etl, execution_date=20260312T060000, start_date=20260312T071006, end_date=20260312T071010
[2026-03-12T07:10:10.880+0000] {standard_task_runner.py:107} ERROR - Failed to execute job 17 for task run_aqi_etl (HTTPConnectionPool(host='api.airvisual.com', port=80): Max retries exceeded with url: /v2/city?city=Hanoi&state=Hanoi&country=Vietnam&key=58f629ed-93f1-4fae-845c-45cdf5aa68c4 (Caused by NewConnectionError('<urllib3.connection.HTTPConnection object at 0x7df2a37acca0>: Failed to establish a new connection: [Errno -5] No address associated with hostname')); 603)
[2026-03-12T07:10:10.906+0000] {local_task_job_runner.py:234} INFO - Task exited with return code 1
[2026-03-12T07:10:10.920+0000] {taskinstance.py:3280} INFO - 0 downstream tasks scheduled from follow-on schedule check
