[2026-03-11T10:08:34.511+0000] {taskinstance.py:1956} INFO - Dependencies all met for dep_context=non-requeueable deps ti=<TaskInstance: aqi_data_pipeline.run_aqi_etl manual__2026-03-11T10:08:33.356134+00:00 [queued]>
[2026-03-11T10:08:34.518+0000] {taskinstance.py:1956} INFO - Dependencies all met for dep_context=requeueable deps ti=<TaskInstance: aqi_data_pipeline.run_aqi_etl manual__2026-03-11T10:08:33.356134+00:00 [queued]>
[2026-03-11T10:08:34.518+0000] {taskinstance.py:2170} INFO - Starting attempt 1 of 3
[2026-03-11T10:08:34.532+0000] {taskinstance.py:2191} INFO - Executing <Task(PythonOperator): run_aqi_etl> on 2026-03-11 10:08:33.356134+00:00
[2026-03-11T10:08:34.536+0000] {standard_task_runner.py:60} INFO - Started process 178 to run task
[2026-03-11T10:08:34.540+0000] {standard_task_runner.py:87} INFO - Running: ['***', 'tasks', 'run', 'aqi_data_pipeline', 'run_aqi_etl', 'manual__2026-03-11T10:08:33.356134+00:00', '--job-id', '2', '--raw', '--subdir', 'DAGS_FOLDER/aqi_pipeline.py', '--cfg-path', '/tmp/tmpgi0iawjk']
[2026-03-11T10:08:34.543+0000] {standard_task_runner.py:88} INFO - Job 2: Subtask run_aqi_etl
[2026-03-11T10:08:34.610+0000] {task_command.py:423} INFO - Running <TaskInstance: aqi_data_pipeline.run_aqi_etl manual__2026-03-11T10:08:33.356134+00:00 [running]> on host 93980b63a8dd
[2026-03-11T10:08:34.681+0000] {taskinstance.py:2480} INFO - Exporting env vars: AIRFLOW_CTX_DAG_OWNER='***' AIRFLOW_CTX_DAG_ID='aqi_data_pipeline' AIRFLOW_CTX_TASK_ID='run_aqi_etl' AIRFLOW_CTX_EXECUTION_DATE='2026-03-11T10:08:33.356134+00:00' AIRFLOW_CTX_TRY_NUMBER='1' AIRFLOW_CTX_DAG_RUN_ID='manual__2026-03-11T10:08:33.356134+00:00'
[2026-03-11T10:08:34.683+0000] {logging_mixin.py:188} INFO - Starting AQI ETL pipeline...
[2026-03-11T10:08:34.683+0000] {logging_mixin.py:188} INFO - Connecting to PostgreSQL...
[2026-03-11T10:08:34.686+0000] {logging_mixin.py:188} INFO - Connected to PostgreSQL
[2026-03-11T10:08:34.687+0000] {logging_mixin.py:188} INFO - Fetching AQI data for Hanoi...
[2026-03-11T10:08:34.886+0000] {logging_mixin.py:188} INFO - Error processing Hanoi: column "cityid" does not exist
LINE 5:         RETURNING cityId
                          ^
HINT:  Perhaps you meant to reference the column "city.city_id".
[2026-03-11T10:08:34.887+0000] {logging_mixin.py:188} INFO - Fetching AQI data for Hue...
[2026-03-11T10:08:35.045+0000] {logging_mixin.py:188} INFO - Error processing Hue: API error 400: {"status":"fail","data":{"message":"city_not_found"}}
[2026-03-11T10:08:35.046+0000] {logging_mixin.py:188} INFO - AQI ETL pipeline finished.
[2026-03-11T10:08:35.046+0000] {python.py:201} INFO - Done. Returned value was: None
[2026-03-11T10:08:35.054+0000] {taskinstance.py:1138} INFO - Marking task as SUCCESS. dag_id=aqi_data_pipeline, task_id=run_aqi_etl, execution_date=20260311T100833, start_date=20260311T100834, end_date=20260311T100835
[2026-03-11T10:08:35.073+0000] {local_task_job_runner.py:234} INFO - Task exited with return code 0
[2026-03-11T10:08:35.088+0000] {taskinstance.py:3280} INFO - 0 downstream tasks scheduled from follow-on schedule check
