[2026-03-11T06:35:40.720+0000] {taskinstance.py:1956} INFO - Dependencies all met for dep_context=non-requeueable deps ti=<TaskInstance: aqi_data_pipeline.run_aqi_etl scheduled__2026-03-11T05:00:00+00:00 [queued]>
[2026-03-11T06:35:40.726+0000] {taskinstance.py:1956} INFO - Dependencies all met for dep_context=requeueable deps ti=<TaskInstance: aqi_data_pipeline.run_aqi_etl scheduled__2026-03-11T05:00:00+00:00 [queued]>
[2026-03-11T06:35:40.727+0000] {taskinstance.py:2170} INFO - Starting attempt 1 of 1
[2026-03-11T06:35:40.738+0000] {taskinstance.py:2191} INFO - Executing <Task(PythonOperator): run_aqi_etl> on 2026-03-11 05:00:00+00:00
[2026-03-11T06:35:40.742+0000] {standard_task_runner.py:60} INFO - Started process 192 to run task
[2026-03-11T06:35:40.745+0000] {standard_task_runner.py:87} INFO - Running: ['***', 'tasks', 'run', 'aqi_data_pipeline', 'run_aqi_etl', 'scheduled__2026-03-11T05:00:00+00:00', '--job-id', '4', '--raw', '--subdir', 'DAGS_FOLDER/aqi_pipeline.py', '--cfg-path', '/tmp/tmpchz89naj']
[2026-03-11T06:35:40.748+0000] {standard_task_runner.py:88} INFO - Job 4: Subtask run_aqi_etl
[2026-03-11T06:35:40.810+0000] {task_command.py:423} INFO - Running <TaskInstance: aqi_data_pipeline.run_aqi_etl scheduled__2026-03-11T05:00:00+00:00 [running]> on host 8272103251ed
[2026-03-11T06:35:40.878+0000] {taskinstance.py:2480} INFO - Exporting env vars: AIRFLOW_CTX_DAG_OWNER='***' AIRFLOW_CTX_DAG_ID='aqi_data_pipeline' AIRFLOW_CTX_TASK_ID='run_aqi_etl' AIRFLOW_CTX_EXECUTION_DATE='2026-03-11T05:00:00+00:00' AIRFLOW_CTX_TRY_NUMBER='1' AIRFLOW_CTX_DAG_RUN_ID='scheduled__2026-03-11T05:00:00+00:00'
[2026-03-11T06:35:41.078+0000] {taskinstance.py:2698} ERROR - Task failed with exception
Traceback (most recent call last):
  File "/home/airflow/.local/lib/python3.8/site-packages/airflow/models/taskinstance.py", line 433, in _execute_task
    result = execute_callable(context=context, **execute_callable_kwargs)
  File "/home/airflow/.local/lib/python3.8/site-packages/airflow/operators/python.py", line 199, in execute
    return_value = self.execute_callable()
  File "/home/airflow/.local/lib/python3.8/site-packages/airflow/operators/python.py", line 216, in execute_callable
    return self.python_callable(*self.op_args, **self.op_kwargs)
  File "/opt/airflow/dags/aqi_pipeline.py", line 8, in run_etl
    subprocess.run(
  File "/usr/local/lib/python3.8/subprocess.py", line 516, in run
    raise CalledProcessError(retcode, process.args,
subprocess.CalledProcessError: Command '['python', '/opt/airflow/scripts/aqi_etl.py']' returned non-zero exit status 1.
[2026-03-11T06:35:41.091+0000] {taskinstance.py:1138} INFO - Marking task as FAILED. dag_id=aqi_data_pipeline, task_id=run_aqi_etl, execution_date=20260311T050000, start_date=20260311T063540, end_date=20260311T063541
[2026-03-11T06:35:41.102+0000] {standard_task_runner.py:107} ERROR - Failed to execute job 4 for task run_aqi_etl (Command '['python', '/opt/airflow/scripts/aqi_etl.py']' returned non-zero exit status 1.; 192)
[2026-03-11T06:35:41.118+0000] {local_task_job_runner.py:234} INFO - Task exited with return code 1
[2026-03-11T06:35:41.131+0000] {taskinstance.py:3280} INFO - 0 downstream tasks scheduled from follow-on schedule check
