[2026-03-13T03:05:03.127+0000] {taskinstance.py:1956} INFO - Dependencies all met for dep_context=non-requeueable deps ti=<TaskInstance: aqi_data_pipeline.run_aqi_etl scheduled__2026-03-13T02:00:00+00:00 [queued]>
[2026-03-13T03:05:03.135+0000] {taskinstance.py:1956} INFO - Dependencies all met for dep_context=requeueable deps ti=<TaskInstance: aqi_data_pipeline.run_aqi_etl scheduled__2026-03-13T02:00:00+00:00 [queued]>
[2026-03-13T03:05:03.135+0000] {taskinstance.py:2170} INFO - Starting attempt 2 of 3
[2026-03-13T03:05:03.150+0000] {taskinstance.py:2191} INFO - Executing <Task(PythonOperator): run_aqi_etl> on 2026-03-13 02:00:00+00:00
[2026-03-13T03:05:03.153+0000] {standard_task_runner.py:60} INFO - Started process 247 to run task
[2026-03-13T03:05:03.157+0000] {standard_task_runner.py:87} INFO - Running: ['***', 'tasks', 'run', 'aqi_data_pipeline', 'run_aqi_etl', 'scheduled__2026-03-13T02:00:00+00:00', '--job-id', '33', '--raw', '--subdir', 'DAGS_FOLDER/aqi_pipeline.py', '--cfg-path', '/tmp/tmpnln70012']
[2026-03-13T03:05:03.160+0000] {standard_task_runner.py:88} INFO - Job 33: Subtask run_aqi_etl
[2026-03-13T03:05:03.221+0000] {task_command.py:423} INFO - Running <TaskInstance: aqi_data_pipeline.run_aqi_etl scheduled__2026-03-13T02:00:00+00:00 [running]> on host 97750d40b4d7
[2026-03-13T03:05:03.297+0000] {taskinstance.py:2480} INFO - Exporting env vars: AIRFLOW_CTX_DAG_OWNER='***' AIRFLOW_CTX_DAG_ID='aqi_data_pipeline' AIRFLOW_CTX_TASK_ID='run_aqi_etl' AIRFLOW_CTX_EXECUTION_DATE='2026-03-13T02:00:00+00:00' AIRFLOW_CTX_TRY_NUMBER='2' AIRFLOW_CTX_DAG_RUN_ID='scheduled__2026-03-13T02:00:00+00:00'
[2026-03-13T03:05:03.298+0000] {logging_mixin.py:188} INFO - Starting AQI ETL pipeline...
[2026-03-13T03:05:03.298+0000] {logging_mixin.py:188} INFO - Connecting to PostgreSQL...
[2026-03-13T03:05:03.302+0000] {logging_mixin.py:188} INFO - Connected to PostgreSQL
[2026-03-13T03:05:03.302+0000] {logging_mixin.py:188} INFO - Fetching AQI data for Hanoi...
[2026-03-13T03:05:03.511+0000] {logging_mixin.py:188} INFO - Error processing Hanoi: API error 400: {"status":"fail","data":{"message":"city_not_found"}}
[2026-03-13T03:05:03.512+0000] {taskinstance.py:2698} ERROR - Task failed with exception
Traceback (most recent call last):
  File "/home/airflow/.local/lib/python3.8/site-packages/airflow/models/taskinstance.py", line 433, in _execute_task
    result = execute_callable(context=context, **execute_callable_kwargs)
  File "/home/airflow/.local/lib/python3.8/site-packages/airflow/operators/python.py", line 199, in execute
    return_value = self.execute_callable()
  File "/home/airflow/.local/lib/python3.8/site-packages/airflow/operators/python.py", line 216, in execute_callable
    return self.python_callable(*self.op_args, **self.op_kwargs)
  File "/opt/airflow/dags/aqi_etl.py", line 128, in run_aqi_etl
    raise e
  File "/opt/airflow/dags/aqi_etl.py", line 76, in run_aqi_etl
    data = fetch_aqi(city, state, country)
  File "/opt/airflow/dags/aqi_etl.py", line 54, in fetch_aqi
    raise Exception(f"API error {response.status_code}: {response.text}")
Exception: API error 400: {"status":"fail","data":{"message":"city_not_found"}}
[2026-03-13T03:05:03.526+0000] {taskinstance.py:1138} INFO - Marking task as UP_FOR_RETRY. dag_id=aqi_data_pipeline, task_id=run_aqi_etl, execution_date=20260313T020000, start_date=20260313T030503, end_date=20260313T030503
[2026-03-13T03:05:03.537+0000] {standard_task_runner.py:107} ERROR - Failed to execute job 33 for task run_aqi_etl (API error 400: {"status":"fail","data":{"message":"city_not_found"}}; 247)
[2026-03-13T03:05:03.571+0000] {local_task_job_runner.py:234} INFO - Task exited with return code 1
[2026-03-13T03:05:03.584+0000] {taskinstance.py:3280} INFO - 0 downstream tasks scheduled from follow-on schedule check
